Log file open, 11/09/21 11:31:40
LogWindows: Failed to load 'aqProf.dll' (GetLastError=126)
LogWindows: File 'aqProf.dll' does not exist
LogWindows: Failed to load 'VtuneApi.dll' (GetLastError=126)
LogWindows: File 'VtuneApi.dll' does not exist
LogWindows: Failed to load 'VtuneApi32e.dll' (GetLastError=126)
LogWindows: File 'VtuneApi32e.dll' does not exist
LogConsoleResponse: Display: Failed to find resolution value strings in scalability ini. Falling back to default.
LogConsoleResponse: Display: Failed to find resolution value strings in scalability ini. Falling back to default.
LogInit: Display: Running engine for game: ToonTanks
LogPlatformFile: Not using cached read wrapper
LogTaskGraph: Started task graph with 5 named threads and 47 total threads with 3 sets of task threads.
LogStats: Stats thread started at 0.258019
LogICUInternationalization: ICU TimeZone Detection - Raw Offset: +9:00, Platform Override: ''
LogInit: Display: Loading text-based GConfig....
LogPluginManager: Mounting plugin MeshPainting
LogPluginManager: Mounting plugin XGEController
LogPluginManager: Mounting plugin Paper2D
LogPluginManager: Mounting plugin AISupport
LogPluginManager: Mounting plugin EnvironmentQueryEditor
LogPluginManager: Mounting plugin LightPropagationVolume
LogPluginManager: Mounting plugin LiveLink
LogPluginManager: Mounting plugin OodleData
LogPluginManager: Mounting plugin OodleNetwork
LogPluginManager: Mounting plugin CameraShakePreviewer
LogPluginManager: Mounting plugin GameplayCameras
LogPluginManager: Mounting plugin AnimationSharing
LogPluginManager: Mounting plugin CLionSourceCodeAccess
LogPluginManager: Mounting plugin CodeLiteSourceCodeAccess
LogPluginManager: Mounting plugin GitSourceControl
LogPluginManager: Mounting plugin NullSourceCodeAccess
LogPluginManager: Mounting plugin KDevelopSourceCodeAccess
LogPluginManager: Mounting plugin PerforceSourceControl
LogPluginManager: Mounting plugin PixWinPlugin
LogPluginManager: Mounting plugin PluginUtils
LogPluginManager: Mounting plugin PlasticSourceControl
LogPluginManager: Mounting plugin PropertyAccessNode
LogPluginManager: Mounting plugin RiderSourceCodeAccess
LogPluginManager: Mounting plugin SubversionSourceControl
LogPluginManager: Mounting plugin TextureFormatOodle
LogPluginManager: Mounting plugin UObjectPlugin
LogPluginManager: Mounting plugin AssetManagerEditor
LogPluginManager: Mounting plugin VisualStudioCodeSourceCodeAccess
LogPluginManager: Mounting plugin VisualStudioSourceCodeAccess
LogPluginManager: Mounting plugin XCodeSourceCodeAccess
LogPluginManager: Mounting plugin CryptoKeys
LogPluginManager: Mounting plugin CurveEditorTools
LogPluginManager: Mounting plugin DataValidation
LogPluginManager: Mounting plugin FacialAnimation
LogPluginManager: Mounting plugin GameplayTagsEditor
LogPluginManager: Mounting plugin GeometryMode
LogPluginManager: Mounting plugin MacGraphicsSwitching
LogPluginManager: Mounting plugin MaterialAnalyzer
LogPluginManager: Mounting plugin MobileLauncherProfileWizard
LogPluginManager: Mounting plugin PluginBrowser
LogPluginManager: Mounting plugin SpeedTreeImporter
LogPluginManager: Mounting plugin Niagara
LogPluginManager: Mounting plugin DatasmithContent
LogPluginManager: Mounting plugin VariantManagerContent
LogPluginManager: Mounting plugin AlembicImporter
LogPluginManager: Mounting plugin LuminPlatformFeatures
LogPluginManager: Mounting plugin MagicLeap
LogPluginManager: Mounting plugin AutomationUtils
LogPluginManager: Mounting plugin BackChannel
LogPluginManager: Mounting plugin MagicLeapLightEstimation
LogPluginManager: Mounting plugin MagicLeapMedia
LogPluginManager: Mounting plugin ChaosCloth
LogPluginManager: Mounting plugin ChaosClothEditor
LogPluginManager: Mounting plugin ChaosEditor
LogPluginManager: Mounting plugin ChaosNiagara
LogPluginManager: Mounting plugin MagicLeapPassableWorld
LogPluginManager: Mounting plugin ChaosSolverPlugin
LogPluginManager: Mounting plugin MLSDK
LogPluginManager: Mounting plugin CharacterAI
LogPluginManager: Mounting plugin GeometryCache
LogPluginManager: Mounting plugin GeometryCollectionPlugin
LogPluginManager: Mounting plugin AndroidMedia
LogPluginManager: Mounting plugin GeometryProcessing
LogPluginManager: Mounting plugin AvfMedia
LogPluginManager: Mounting plugin MotoSynth
LogPluginManager: Mounting plugin ImgMedia
LogPluginManager: Mounting plugin OpenImageDenoise
LogPluginManager: Mounting plugin PlanarCut
LogPluginManager: Mounting plugin MediaCompositing
LogPluginManager: Mounting plugin PlatformCrypto
LogPluginManager: Mounting plugin ProxyLODPlugin
LogPluginManager: Mounting plugin PythonScriptPlugin
LogPluginManager: Mounting plugin MediaPlayerEditor
LogPluginManager: Mounting plugin WebMMedia
LogPluginManager: Mounting plugin WmfMedia
LogPluginManager: Mounting plugin SkeletalReduction
LogPluginManager: Mounting plugin TcpMessaging
LogPluginManager: Mounting plugin ActorSequence
LogPluginManager: Mounting plugin UdpMessaging
LogPluginManager: Mounting plugin LevelSequenceEditor
LogPluginManager: Mounting plugin MatineeToLevelSequence
LogPluginManager: Mounting plugin TemplateSequence
LogPluginManager: Mounting plugin OnlineSubsystem
LogPluginManager: Mounting plugin OnlineSubsystemNull
LogPluginManager: Mounting plugin OnlineSubsystemUtils
LogPluginManager: Mounting plugin LauncherChunkInstaller
LogPluginManager: Mounting plugin ActorLayerUtilities
LogPluginManager: Mounting plugin AndroidDeviceProfileSelector
LogPluginManager: Mounting plugin AndroidMoviePlayer
LogPluginManager: Mounting plugin AndroidPermission
LogPluginManager: Mounting plugin AppleImageUtils
LogPluginManager: Mounting plugin AppleMoviePlayer
LogPluginManager: Mounting plugin ArchVisCharacter
LogPluginManager: Mounting plugin AssetTags
LogPluginManager: Mounting plugin AudioCapture
LogPluginManager: Mounting plugin AudioSynesthesia
LogPluginManager: Mounting plugin CableComponent
LogPluginManager: Mounting plugin ChunkDownloader
LogPluginManager: Mounting plugin CustomMeshComponent
LogPluginManager: Mounting plugin EditableMesh
LogPluginManager: Mounting plugin ExampleDeviceProfileSelector
LogPluginManager: Mounting plugin GooglePAD
LogPluginManager: Mounting plugin GoogleCloudMessaging
LogPluginManager: Mounting plugin IOSDeviceProfileSelector
LogPluginManager: Mounting plugin LinuxDeviceProfileSelector
LogPluginManager: Mounting plugin LocationServicesBPLibrary
LogPluginManager: Mounting plugin MobilePatchingUtils
LogPluginManager: Mounting plugin OpenXR
LogPluginManager: Mounting plugin OpenXREyeTracker
LogPluginManager: Mounting plugin OpenXRHandTracking
LogPluginManager: Mounting plugin PhysXVehicles
LogPluginManager: Mounting plugin Takes
LogPluginManager: Mounting plugin PostSplashScreen
LogPluginManager: Mounting plugin ProceduralMeshComponent
LogPluginManager: Mounting plugin PropertyAccessEditor
LogPluginManager: Mounting plugin SignificanceManager
LogPluginManager: Mounting plugin RuntimePhysXCooking
LogPluginManager: Mounting plugin WebMMoviePlayer
LogPluginManager: Mounting plugin Synthesis
LogPluginManager: Mounting plugin SoundFields
LogPluginManager: Mounting plugin WindowsMoviePlayer
LogPluginManager: Mounting plugin ScreenshotTools
LogPluginManager: Mounting plugin ContentBrowserAssetDataSource
LogPluginManager: Mounting plugin ContentBrowserClassDataSource
LogPluginManager: Mounting plugin ContentBrowserFileDataSource
LogPluginManager: Mounting plugin OnlineSubsystemGooglePlay
LogPluginManager: Mounting plugin OnlineSubsystemIOS
LogPluginManager: Mounting plugin OculusVR
LogPluginManager: Mounting plugin SteamVR
PixWinPlugin: PIX capture plugin failed to initialize! Check that the process is launched from PIX.
LogInit: Using libcurl 7.55.1-DEV
LogInit:  - built for x86_64-pc-win32
LogInit:  - supports SSL with OpenSSL/1.1.1
LogInit:  - supports HTTP deflate (compression) using libz 1.2.8
LogInit:  - other features:
LogInit:      CURL_VERSION_SSL
LogInit:      CURL_VERSION_LIBZ
LogInit:      CURL_VERSION_IPV6
LogInit:      CURL_VERSION_ASYNCHDNS
LogInit:      CURL_VERSION_LARGEFILE
LogInit:      CURL_VERSION_IDN
LogInit:  CurlRequestOptions (configurable via config and command line):
LogInit:  - bVerifyPeer = true  - Libcurl will verify peer certificate
LogInit:  - bUseHttpProxy = false  - Libcurl will NOT use HTTP proxy
LogInit:  - bDontReuseConnections = false  - Libcurl will reuse connections
LogInit:  - MaxHostConnections = 16  - Libcurl will limit the number of connections to a host
LogInit:  - LocalHostAddr = Default
LogInit:  - BufferSize = 65536
LogOnline: OSS: Creating online subsystem instance for: NULL
LogInit: WinSock: version 1.1 (2.2), MaxSocks=32767, MaxUdp=65467
LogOnline: OSS: TryLoadSubsystemAndSetDefault: Loaded subsystem for module [NULL]
LogOculusPluginWrapper: OculusPlugin initialized successfully
LogHMD: Failed initializing OVRPlugin 1.59.0
LogInit: Build: ++UE4+Release-4.27-CL-17735300
LogInit: Engine Version: 4.27.1-17735300+++UE4+Release-4.27
LogInit: Compatible Engine Version: 4.27.0-17155196+++UE4+Release-4.27
LogInit: Net CL: 17155196
LogInit: OS: Windows 10 (Release 2004) (), CPU: Intel(R) Core(TM) i7-10700 CPU @ 2.90GHz, GPU: NVIDIA GeForce GTX 1660 SUPER
LogInit: Compiled (64-bit): Oct  6 2021 14:42:51
LogInit: Compiled with Visual C++: 19.24.28315.00
LogInit: Build Configuration: Development
LogInit: Branch Name: ++UE4+Release-4.27
LogInit: Command Line: 
LogInit: Base Directory: D:/UE_4.27/Engine/Binaries/Win64/
LogInit: Allocator: TBB
LogInit: Installed Engine Build: 1
LogDevObjectVersion: Number of dev versions registered: 29
LogDevObjectVersion:   Dev-Blueprints (B0D832E4-1F89-4F0D-ACCF-7EB736FD4AA2): 10
LogDevObjectVersion:   Dev-Build (E1C64328-A22C-4D53-A36C-8E866417BD8C): 0
LogDevObjectVersion:   Dev-Core (375EC13C-06E4-48FB-B500-84F0262A717E): 4
LogDevObjectVersion:   Dev-Editor (E4B068ED-F494-42E9-A231-DA0B2E46BB41): 40
LogDevObjectVersion:   Dev-Framework (CFFC743F-43B0-4480-9391-14DF171D2073): 37
LogDevObjectVersion:   Dev-Mobile (B02B49B5-BB20-44E9-A304-32B752E40360): 3
LogDevObjectVersion:   Dev-Networking (A4E4105C-59A1-49B5-A7C5-40C4547EDFEE): 0
LogDevObjectVersion:   Dev-Online (39C831C9-5AE6-47DC-9A44-9C173E1C8E7C): 0
LogDevObjectVersion:   Dev-Physics (78F01B33-EBEA-4F98-B9B4-84EACCB95AA2): 14
LogDevObjectVersion:   Dev-Platform (6631380F-2D4D-43E0-8009-CF276956A95A): 0
LogDevObjectVersion:   Dev-Rendering (12F88B9F-8875-4AFC-A67C-D90C383ABD29): 45
LogDevObjectVersion:   Dev-Sequencer (7B5AE74C-D270-4C10-A958-57980B212A5A): 13
LogDevObjectVersion:   Dev-VR (D7296918-1DD6-4BDD-9DE2-64A83CC13884): 3
LogDevObjectVersion:   Dev-LoadTimes (C2A15278-BFE7-4AFE-6C17-90FF531DF755): 1
LogDevObjectVersion:   Private-Geometry (6EACA3D4-40EC-4CC1-B786-8BED09428FC5): 3
LogDevObjectVersion:   Dev-AnimPhys (29E575DD-E0A3-4627-9D10-D276232CDCEA): 17
LogDevObjectVersion:   Dev-Anim (AF43A65D-7FD3-4947-9873-3E8ED9C1BB05): 15
LogDevObjectVersion:   Dev-ReflectionCapture (6B266CEC-1EC7-4B8F-A30B-E4D90942FC07): 1
LogDevObjectVersion:   Dev-Automation (0DF73D61-A23F-47EA-B727-89E90C41499A): 1
LogDevObjectVersion:   FortniteMain (601D1886-AC64-4F84-AA16-D3DE0DEAC7D6): 47
LogDevObjectVersion:   FortniteRelease (E7086368-6B23-4C58-8439-1B7016265E91): 1
LogDevObjectVersion:   Dev-Enterprise (9DFFBCD6-494F-0158-E221-12823C92A888): 10
LogDevObjectVersion:   Dev-Niagara (F2AED0AC-9AFE-416F-8664-AA7FFA26D6FC): 1
LogDevObjectVersion:   Dev-Destruction (174F1F0B-B4C6-45A5-B13F-2EE8D0FB917D): 10
LogDevObjectVersion:   Dev-Physics-Ext (35F94A83-E258-406C-A318-09F59610247C): 41
LogDevObjectVersion:   Dev-PhysicsMaterial-Chaos (B68FC16E-8B1B-42E2-B453-215C058844FE): 1
LogDevObjectVersion:   Dev-CineCamera (B2E18506-4273-CFC2-A54E-F4BB758BBA07): 1
LogDevObjectVersion:   Dev-VirtualProduction (64F58936-FD1B-42BA-BA96-7289D5D0FA4E): 1
LogDevObjectVersion:   Dev-MediaFramework (6F0ED827-A609-4895-9C91-998D90180EA4): 2
LogInit: Presizing for max 25165824 objects, including 0 objects not considered by GC, pre-allocating 0 bytes for permanent pool.
LogConfig: Applying CVar settings from Section [/Script/Engine.StreamingSettings] File [D:/workspace/Unreal/ToonTanksProjectSetup_4.25/ToonTanks/Saved/Config/Windows/Engine.ini]
LogConfig: Setting CVar [[s.MinBulkDataSizeForAsyncLoading:131072]]
LogConfig: Setting CVar [[s.AsyncLoadingThreadEnabled:0]]
LogConfig: Setting CVar [[s.EventDrivenLoaderEnabled:1]]
LogConfig: Setting CVar [[s.WarnIfTimeLimitExceeded:0]]
LogConfig: Setting CVar [[s.TimeLimitExceededMultiplier:1.5]]
LogConfig: Setting CVar [[s.TimeLimitExceededMinTime:0.005]]
LogConfig: Setting CVar [[s.UseBackgroundLevelStreaming:1]]
LogConfig: Setting CVar [[s.PriorityAsyncLoadingExtraTime:15.0]]
LogConfig: Setting CVar [[s.LevelStreamingActorsUpdateTimeLimit:5.0]]
LogConfig: Setting CVar [[s.PriorityLevelStreamingActorsUpdateExtraTime:5.0]]
LogConfig: Setting CVar [[s.LevelStreamingComponentsRegistrationGranularity:10]]
LogConfig: Setting CVar [[s.UnregisterComponentsTimeLimit:1.0]]
LogConfig: Setting CVar [[s.LevelStreamingComponentsUnregistrationGranularity:5]]
LogConfig: Setting CVar [[s.FlushStreamingOnExit:1]]
LogInit: Object subsystem initialized
LogConfig: Setting CVar [[con.DebugEarlyDefault:1]]
LogConfig: Setting CVar [[r.setres:1280x720]]
[2021.11.09-02.31.40:578][  0]LogConfig: Setting CVar [[r.VSync:0]]
[2021.11.09-02.31.40:578][  0]LogConfig: Setting CVar [[r.RHICmdBypass:0]]
[2021.11.09-02.31.40:578][  0]LogConfig: Applying CVar settings from Section [/Script/Engine.RendererSettings] File [D:/workspace/Unreal/ToonTanksProjectSetup_4.25/ToonTanks/Saved/Config/Windows/Engine.ini]
[2021.11.09-02.31.40:578][  0]LogConfig: Setting CVar [[r.GPUCrashDebugging:0]]
[2021.11.09-02.31.40:578][  0]LogConfig: Setting CVar [[r.DefaultFeature.AutoExposure.ExtendDefaultLuminanceRange:1]]
[2021.11.09-02.31.40:578][  0]LogConfig: Setting CVar [[r.DefaultFeature.AutoExposure:0]]
[2021.11.09-02.31.40:578][  0]LogConfig: Applying CVar settings from Section [/Script/Engine.RendererOverrideSettings] File [D:/workspace/Unreal/ToonTanksProjectSetup_4.25/ToonTanks/Saved/Config/Windows/Engine.ini]
[2021.11.09-02.31.40:578][  0]LogConfig: Applying CVar settings from Section [/Script/Engine.StreamingSettings] File [D:/workspace/Unreal/ToonTanksProjectSetup_4.25/ToonTanks/Saved/Config/Windows/Engine.ini]
[2021.11.09-02.31.40:578][  0]LogConfig: Setting CVar [[s.MinBulkDataSizeForAsyncLoading:131072]]
[2021.11.09-02.31.40:578][  0]LogConfig: Setting CVar [[s.AsyncLoadingThreadEnabled:0]]
[2021.11.09-02.31.40:578][  0]LogConfig: Setting CVar [[s.EventDrivenLoaderEnabled:1]]
[2021.11.09-02.31.40:578][  0]LogConfig: Setting CVar [[s.WarnIfTimeLimitExceeded:0]]
[2021.11.09-02.31.40:578][  0]LogConfig: Setting CVar [[s.TimeLimitExceededMultiplier:1.5]]
[2021.11.09-02.31.40:578][  0]LogConfig: Setting CVar [[s.TimeLimitExceededMinTime:0.005]]
[2021.11.09-02.31.40:578][  0]LogConfig: Setting CVar [[s.UseBackgroundLevelStreaming:1]]
[2021.11.09-02.31.40:578][  0]LogConfig: Setting CVar [[s.PriorityAsyncLoadingExtraTime:15.0]]
[2021.11.09-02.31.40:578][  0]LogConfig: Setting CVar [[s.LevelStreamingActorsUpdateTimeLimit:5.0]]
[2021.11.09-02.31.40:578][  0]LogConfig: Setting CVar [[s.PriorityLevelStreamingActorsUpdateExtraTime:5.0]]
[2021.11.09-02.31.40:578][  0]LogConfig: Setting CVar [[s.LevelStreamingComponentsRegistrationGranularity:10]]
[2021.11.09-02.31.40:578][  0]LogConfig: Setting CVar [[s.UnregisterComponentsTimeLimit:1.0]]
[2021.11.09-02.31.40:578][  0]LogConfig: Setting CVar [[s.LevelStreamingComponentsUnregistrationGranularity:5]]
[2021.11.09-02.31.40:578][  0]LogConfig: Setting CVar [[s.FlushStreamingOnExit:1]]
[2021.11.09-02.31.40:578][  0]LogConfig: Applying CVar settings from Section [/Script/Engine.GarbageCollectionSettings] File [D:/workspace/Unreal/ToonTanksProjectSetup_4.25/ToonTanks/Saved/Config/Windows/Engine.ini]
[2021.11.09-02.31.40:578][  0]LogConfig: Setting CVar [[gc.MaxObjectsNotConsideredByGC:1]]
[2021.11.09-02.31.40:578][  0]LogConfig: Setting CVar [[gc.SizeOfPermanentObjectPool:0]]
[2021.11.09-02.31.40:578][  0]LogConfig: Setting CVar [[gc.FlushStreamingOnGC:0]]
[2021.11.09-02.31.40:578][  0]LogConfig: Setting CVar [[gc.NumRetriesBeforeForcingGC:10]]
[2021.11.09-02.31.40:578][  0]LogConfig: Setting CVar [[gc.AllowParallelGC:1]]
[2021.11.09-02.31.40:578][  0]LogConfig: Setting CVar [[gc.TimeBetweenPurgingPendingKillObjects:61.1]]
[2021.11.09-02.31.40:578][  0]LogConfig: Setting CVar [[gc.MaxObjectsInEditor:25165824]]
[2021.11.09-02.31.40:578][  0]LogConfig: Setting CVar [[gc.IncrementalBeginDestroyEnabled:1]]
[2021.11.09-02.31.40:578][  0]LogConfig: Setting CVar [[gc.CreateGCClusters:1]]
[2021.11.09-02.31.40:578][  0]LogConfig: Setting CVar [[gc.MinGCClusterSize:5]]
[2021.11.09-02.31.40:578][  0]LogConfig: Setting CVar [[gc.ActorClusteringEnabled:0]]
[2021.11.09-02.31.40:578][  0]LogConfig: Setting CVar [[gc.BlueprintClusteringEnabled:0]]
[2021.11.09-02.31.40:578][  0]LogConfig: Setting CVar [[gc.UseDisregardForGCOnDedicatedServers:0]]
[2021.11.09-02.31.40:578][  0]LogConfig: Setting CVar [[gc.MultithreadedDestructionEnabled:1]]
[2021.11.09-02.31.40:578][  0]LogConfig: Applying CVar settings from Section [/Script/Engine.NetworkSettings] File [D:/workspace/Unreal/ToonTanksProjectSetup_4.25/ToonTanks/Saved/Config/Windows/Engine.ini]
[2021.11.09-02.31.40:578][  0]LogConfig: Applying CVar settings from Section [/Script/UnrealEd.CookerSettings] File [D:/workspace/Unreal/ToonTanksProjectSetup_4.25/ToonTanks/Saved/Config/Windows/Engine.ini]
[2021.11.09-02.31.40:625][  0]LogConfig: Applying CVar settings from Section [ViewDistanceQuality@3] File [D:/workspace/Unreal/ToonTanksProjectSetup_4.25/ToonTanks/Saved/Config/Windows/Scalability.ini]
[2021.11.09-02.31.40:625][  0]LogConfig: Setting CVar [[r.SkeletalMeshLODBias:0]]
[2021.11.09-02.31.40:625][  0]LogConfig: Setting CVar [[r.ViewDistanceScale:1.0]]
[2021.11.09-02.31.40:625][  0]LogConfig: Applying CVar settings from Section [AntiAliasingQuality@3] File [D:/workspace/Unreal/ToonTanksProjectSetup_4.25/ToonTanks/Saved/Config/Windows/Scalability.ini]
[2021.11.09-02.31.40:625][  0]LogConfig: Setting CVar [[r.PostProcessAAQuality:4]]
[2021.11.09-02.31.40:625][  0]LogConfig: Applying CVar settings from Section [ShadowQuality@3] File [D:/workspace/Unreal/ToonTanksProjectSetup_4.25/ToonTanks/Saved/Config/Windows/Scalability.ini]
[2021.11.09-02.31.40:625][  0]LogConfig: Setting CVar [[r.LightFunctionQuality:1]]
[2021.11.09-02.31.40:625][  0]LogConfig: Setting CVar [[r.ShadowQuality:5]]
[2021.11.09-02.31.40:625][  0]LogConfig: Setting CVar [[r.Shadow.CSM.MaxCascades:10]]
[2021.11.09-02.31.40:625][  0]LogConfig: Setting CVar [[r.Shadow.MaxResolution:2048]]
[2021.11.09-02.31.40:625][  0]LogConfig: Setting CVar [[r.Shadow.MaxCSMResolution:2048]]
[2021.11.09-02.31.40:625][  0]LogConfig: Setting CVar [[r.Shadow.RadiusThreshold:0.01]]
[2021.11.09-02.31.40:626][  0]LogConfig: Setting CVar [[r.Shadow.DistanceScale:1.0]]
[2021.11.09-02.31.40:626][  0]LogConfig: Setting CVar [[r.Shadow.CSM.TransitionScale:1.0]]
[2021.11.09-02.31.40:626][  0]LogConfig: Setting CVar [[r.Shadow.PreShadowResolutionFactor:1.0]]
[2021.11.09-02.31.40:626][  0]LogConfig: Setting CVar [[r.DistanceFieldShadowing:1]]
[2021.11.09-02.31.40:626][  0]LogConfig: Setting CVar [[r.DistanceFieldAO:1]]
[2021.11.09-02.31.40:626][  0]LogConfig: Setting CVar [[r.AOQuality:2]]
[2021.11.09-02.31.40:626][  0]LogConfig: Setting CVar [[r.VolumetricFog:1]]
[2021.11.09-02.31.40:626][  0]LogConfig: Setting CVar [[r.VolumetricFog.GridPixelSize:8]]
[2021.11.09-02.31.40:626][  0]LogConfig: Setting CVar [[r.VolumetricFog.GridSizeZ:128]]
[2021.11.09-02.31.40:626][  0]LogConfig: Setting CVar [[r.VolumetricFog.HistoryMissSupersampleCount:4]]
[2021.11.09-02.31.40:626][  0]LogConfig: Setting CVar [[r.LightMaxDrawDistanceScale:1]]
[2021.11.09-02.31.40:626][  0]LogConfig: Setting CVar [[r.CapsuleShadows:1]]
[2021.11.09-02.31.40:626][  0]LogConfig: Applying CVar settings from Section [PostProcessQuality@3] File [D:/workspace/Unreal/ToonTanksProjectSetup_4.25/ToonTanks/Saved/Config/Windows/Scalability.ini]
[2021.11.09-02.31.40:626][  0]LogConfig: Setting CVar [[r.MotionBlurQuality:4]]
[2021.11.09-02.31.40:626][  0]LogConfig: Setting CVar [[r.AmbientOcclusionMipLevelFactor:0.4]]
[2021.11.09-02.31.40:626][  0]LogConfig: Setting CVar [[r.AmbientOcclusionMaxQuality:100]]
[2021.11.09-02.31.40:626][  0]LogConfig: Setting CVar [[r.AmbientOcclusionLevels:-1]]
[2021.11.09-02.31.40:626][  0]LogConfig: Setting CVar [[r.AmbientOcclusionRadiusScale:1.0]]
[2021.11.09-02.31.40:626][  0]LogConfig: Setting CVar [[r.DepthOfFieldQuality:2]]
[2021.11.09-02.31.40:626][  0]LogConfig: Setting CVar [[r.RenderTargetPoolMin:400]]
[2021.11.09-02.31.40:626][  0]LogConfig: Setting CVar [[r.LensFlareQuality:2]]
[2021.11.09-02.31.40:626][  0]LogConfig: Setting CVar [[r.SceneColorFringeQuality:1]]
[2021.11.09-02.31.40:626][  0]LogConfig: Setting CVar [[r.EyeAdaptationQuality:2]]
[2021.11.09-02.31.40:626][  0]LogConfig: Setting CVar [[r.BloomQuality:5]]
[2021.11.09-02.31.40:626][  0]LogConfig: Setting CVar [[r.FastBlurThreshold:100]]
[2021.11.09-02.31.40:626][  0]LogConfig: Setting CVar [[r.Upscale.Quality:3]]
[2021.11.09-02.31.40:626][  0]LogConfig: Setting CVar [[r.Tonemapper.GrainQuantization:1]]
[2021.11.09-02.31.40:626][  0]LogConfig: Setting CVar [[r.LightShaftQuality:1]]
[2021.11.09-02.31.40:626][  0]LogConfig: Setting CVar [[r.Filter.SizeScale:1]]
[2021.11.09-02.31.40:626][  0]LogConfig: Setting CVar [[r.Tonemapper.Quality:5]]
[2021.11.09-02.31.40:626][  0]LogConfig: Setting CVar [[r.DOF.Gather.AccumulatorQuality:1        ; higher gathering accumulator quality]]
[2021.11.09-02.31.40:626][  0]LogConfig: Setting CVar [[r.DOF.Gather.PostfilterMethod:1          ; Median3x3 postfilering method]]
[2021.11.09-02.31.40:626][  0]LogConfig: Setting CVar [[r.DOF.Gather.EnableBokehSettings:0       ; no bokeh simulation when gathering]]
[2021.11.09-02.31.40:626][  0]LogConfig: Setting CVar [[r.DOF.Gather.RingCount:4                 ; medium number of samples when gathering]]
[2021.11.09-02.31.40:626][  0]LogConfig: Setting CVar [[r.DOF.Scatter.ForegroundCompositing:1    ; additive foreground scattering]]
[2021.11.09-02.31.40:626][  0]LogConfig: Setting CVar [[r.DOF.Scatter.BackgroundCompositing:2    ; additive background scattering]]
[2021.11.09-02.31.40:626][  0]LogConfig: Setting CVar [[r.DOF.Scatter.EnableBokehSettings:1      ; bokeh simulation when scattering]]
[2021.11.09-02.31.40:626][  0]LogConfig: Setting CVar [[r.DOF.Scatter.MaxSpriteRatio:0.1         ; only a maximum of 10% of scattered bokeh]]
[2021.11.09-02.31.40:626][  0]LogConfig: Setting CVar [[r.DOF.Recombine.Quality:1                ; cheap slight out of focus]]
[2021.11.09-02.31.40:626][  0]LogConfig: Setting CVar [[r.DOF.Recombine.EnableBokehSettings:0    ; no bokeh simulation on slight out of focus]]
[2021.11.09-02.31.40:626][  0]LogConfig: Setting CVar [[r.DOF.TemporalAAQuality:1                ; more stable temporal accumulation]]
[2021.11.09-02.31.40:626][  0]LogConfig: Setting CVar [[r.DOF.Kernel.MaxForegroundRadius:0.025]]
[2021.11.09-02.31.40:626][  0]LogConfig: Setting CVar [[r.DOF.Kernel.MaxBackgroundRadius:0.025]]
[2021.11.09-02.31.40:626][  0]LogConfig: Applying CVar settings from Section [TextureQuality@3] File [D:/workspace/Unreal/ToonTanksProjectSetup_4.25/ToonTanks/Saved/Config/Windows/Scalability.ini]
[2021.11.09-02.31.40:626][  0]LogConfig: Setting CVar [[r.Streaming.MipBias:0]]
[2021.11.09-02.31.40:626][  0]LogConfig: Setting CVar [[r.Streaming.AmortizeCPUToGPUCopy:0]]
[2021.11.09-02.31.40:626][  0]LogConfig: Setting CVar [[r.Streaming.MaxNumTexturesToStreamPerFrame:0]]
[2021.11.09-02.31.40:626][  0]LogConfig: Setting CVar [[r.Streaming.Boost:1]]
[2021.11.09-02.31.40:626][  0]LogConfig: Setting CVar [[r.MaxAnisotropy:8]]
[2021.11.09-02.31.40:626][  0]LogConfig: Setting CVar [[r.VT.MaxAnisotropy:8]]
[2021.11.09-02.31.40:626][  0]LogConfig: Setting CVar [[r.Streaming.LimitPoolSizeToVRAM:0]]
[2021.11.09-02.31.40:626][  0]LogConfig: Setting CVar [[r.Streaming.PoolSize:1000]]
[2021.11.09-02.31.40:626][  0]LogConfig: Setting CVar [[r.Streaming.MaxEffectiveScreenSize:0]]
[2021.11.09-02.31.40:626][  0]LogConfig: Applying CVar settings from Section [EffectsQuality@3] File [D:/workspace/Unreal/ToonTanksProjectSetup_4.25/ToonTanks/Saved/Config/Windows/Scalability.ini]
[2021.11.09-02.31.40:626][  0]LogConfig: Setting CVar [[r.TranslucencyLightingVolumeDim:64]]
[2021.11.09-02.31.40:626][  0]LogConfig: Setting CVar [[r.RefractionQuality:2]]
[2021.11.09-02.31.40:626][  0]LogConfig: Setting CVar [[r.SSR.Quality:3]]
[2021.11.09-02.31.40:626][  0]LogConfig: Setting CVar [[r.SSR.HalfResSceneColor:0]]
[2021.11.09-02.31.40:626][  0]LogConfig: Setting CVar [[r.SceneColorFormat:4]]
[2021.11.09-02.31.40:626][  0]LogConfig: Setting CVar [[r.DetailMode:2]]
[2021.11.09-02.31.40:626][  0]LogConfig: Setting CVar [[r.TranslucencyVolumeBlur:1]]
[2021.11.09-02.31.40:626][  0]LogConfig: Setting CVar [[r.MaterialQualityLevel:1 ; High quality]]
[2021.11.09-02.31.40:626][  0]LogConfig: Setting CVar [[r.AnisotropicMaterials:1]]
[2021.11.09-02.31.40:626][  0]LogConfig: Setting CVar [[r.SSS.Scale:1]]
[2021.11.09-02.31.40:626][  0]LogConfig: Setting CVar [[r.SSS.SampleSet:2]]
[2021.11.09-02.31.40:626][  0]LogConfig: Setting CVar [[r.SSS.Quality:1]]
[2021.11.09-02.31.40:626][  0]LogConfig: Setting CVar [[r.SSS.HalfRes:0]]
[2021.11.09-02.31.40:626][  0]LogConfig: Setting CVar [[r.SSGI.Quality:3]]
[2021.11.09-02.31.40:626][  0]LogConfig: Setting CVar [[r.EmitterSpawnRateScale:1.0]]
[2021.11.09-02.31.40:626][  0]LogConfig: Setting CVar [[r.ParticleLightQuality:2]]
[2021.11.09-02.31.40:626][  0]LogConfig: Setting CVar [[r.SkyAtmosphere.AerialPerspectiveLUT.FastApplyOnOpaque:1 ; Always have FastSkyLUT 1 in this case to avoid wrong sky]]
[2021.11.09-02.31.40:626][  0]LogConfig: Setting CVar [[r.SkyAtmosphere.AerialPerspectiveLUT.SampleCountMaxPerSlice:4]]
[2021.11.09-02.31.40:626][  0]LogConfig: Setting CVar [[r.SkyAtmosphere.AerialPerspectiveLUT.DepthResolution:16.0]]
[2021.11.09-02.31.40:626][  0]LogConfig: Setting CVar [[r.SkyAtmosphere.FastSkyLUT:1]]
[2021.11.09-02.31.40:626][  0]LogConfig: Setting CVar [[r.SkyAtmosphere.FastSkyLUT.SampleCountMin:4.0]]
[2021.11.09-02.31.40:626][  0]LogConfig: Setting CVar [[r.SkyAtmosphere.FastSkyLUT.SampleCountMax:128.0]]
[2021.11.09-02.31.40:626][  0]LogConfig: Setting CVar [[r.SkyAtmosphere.SampleCountMin:4.0]]
[2021.11.09-02.31.40:626][  0]LogConfig: Setting CVar [[r.SkyAtmosphere.SampleCountMax:128.0]]
[2021.11.09-02.31.40:626][  0]LogConfig: Setting CVar [[r.SkyAtmosphere.TransmittanceLUT.UseSmallFormat:0]]
[2021.11.09-02.31.40:626][  0]LogConfig: Setting CVar [[r.SkyAtmosphere.TransmittanceLUT.SampleCount:10.0]]
[2021.11.09-02.31.40:626][  0]LogConfig: Setting CVar [[r.SkyAtmosphere.MultiScatteringLUT.SampleCount:15.0]]
[2021.11.09-02.31.40:626][  0]LogConfig: Setting CVar [[r.SkyLight.RealTimeReflectionCapture:1]]
[2021.11.09-02.31.40:626][  0]LogConfig: Applying CVar settings from Section [FoliageQuality@3] File [D:/workspace/Unreal/ToonTanksProjectSetup_4.25/ToonTanks/Saved/Config/Windows/Scalability.ini]
[2021.11.09-02.31.40:626][  0]LogConfig: Setting CVar [[foliage.DensityScale:1.0]]
[2021.11.09-02.31.40:626][  0]LogConfig: Setting CVar [[grass.DensityScale:1.0]]
[2021.11.09-02.31.40:626][  0]LogConfig: Applying CVar settings from Section [ShadingQuality@3] File [D:/workspace/Unreal/ToonTanksProjectSetup_4.25/ToonTanks/Saved/Config/Windows/Scalability.ini]
[2021.11.09-02.31.40:626][  0]LogConfig: Setting CVar [[r.HairStrands.SkyLighting.IntegrationType:2]]
[2021.11.09-02.31.40:626][  0]LogConfig: Setting CVar [[r.HairStrands.SkyAO.SampleCount:4]]
[2021.11.09-02.31.40:626][  0]LogConfig: Setting CVar [[r.HairStrands.Visibility.MSAA.SamplePerPixel:4]]
[2021.11.09-02.31.40:626][  0]LogInit: Selected Device Profile: [Windows]
[2021.11.09-02.31.40:626][  0]LogInit: Applying CVar settings loaded from the selected device profile: [Windows]
[2021.11.09-02.31.40:626][  0]LogHAL: Display: Platform has ~ 32 GB [34211405824 / 34359738368 / 32], which maps to Largest [LargestMinGB=32, LargerMinGB=12, DefaultMinGB=8, SmallerMinGB=6, SmallestMinGB=0)
[2021.11.09-02.31.40:626][  0]LogInit: Going up to parent DeviceProfile []
[2021.11.09-02.31.40:626][  0]LogConfig: Applying CVar settings from Section [ViewDistanceQuality@3] File [D:/workspace/Unreal/ToonTanksProjectSetup_4.25/ToonTanks/Saved/Config/Windows/Scalability.ini]
[2021.11.09-02.31.40:626][  0]LogConfig: Setting CVar [[r.SkeletalMeshLODBias:0]]
[2021.11.09-02.31.40:626][  0]LogConfig: Setting CVar [[r.ViewDistanceScale:1.0]]
[2021.11.09-02.31.40:626][  0]LogConfig: Applying CVar settings from Section [AntiAliasingQuality@3] File [D:/workspace/Unreal/ToonTanksProjectSetup_4.25/ToonTanks/Saved/Config/Windows/Scalability.ini]
[2021.11.09-02.31.40:626][  0]LogConfig: Setting CVar [[r.PostProcessAAQuality:4]]
[2021.11.09-02.31.40:626][  0]LogConfig: Applying CVar settings from Section [ShadowQuality@3] File [D:/workspace/Unreal/ToonTanksProjectSetup_4.25/ToonTanks/Saved/Config/Windows/Scalability.ini]
[2021.11.09-02.31.40:626][  0]LogConfig: Setting CVar [[r.LightFunctionQuality:1]]
[2021.11.09-02.31.40:626][  0]LogConfig: Setting CVar [[r.ShadowQuality:5]]
[2021.11.09-02.31.40:626][  0]LogConfig: Setting CVar [[r.Shadow.CSM.MaxCascades:10]]
[2021.11.09-02.31.40:626][  0]LogConfig: Setting CVar [[r.Shadow.MaxResolution:2048]]
[2021.11.09-02.31.40:626][  0]LogConfig: Setting CVar [[r.Shadow.MaxCSMResolution:2048]]
[2021.11.09-02.31.40:627][  0]LogConfig: Setting CVar [[r.Shadow.RadiusThreshold:0.01]]
[2021.11.09-02.31.40:627][  0]LogConfig: Setting CVar [[r.Shadow.DistanceScale:1.0]]
[2021.11.09-02.31.40:627][  0]LogConfig: Setting CVar [[r.Shadow.CSM.TransitionScale:1.0]]
[2021.11.09-02.31.40:627][  0]LogConfig: Setting CVar [[r.Shadow.PreShadowResolutionFactor:1.0]]
[2021.11.09-02.31.40:627][  0]LogConfig: Setting CVar [[r.DistanceFieldShadowing:1]]
[2021.11.09-02.31.40:627][  0]LogConfig: Setting CVar [[r.DistanceFieldAO:1]]
[2021.11.09-02.31.40:627][  0]LogConfig: Setting CVar [[r.AOQuality:2]]
[2021.11.09-02.31.40:627][  0]LogConfig: Setting CVar [[r.VolumetricFog:1]]
[2021.11.09-02.31.40:627][  0]LogConfig: Setting CVar [[r.VolumetricFog.GridPixelSize:8]]
[2021.11.09-02.31.40:627][  0]LogConfig: Setting CVar [[r.VolumetricFog.GridSizeZ:128]]
[2021.11.09-02.31.40:627][  0]LogConfig: Setting CVar [[r.VolumetricFog.HistoryMissSupersampleCount:4]]
[2021.11.09-02.31.40:627][  0]LogConfig: Setting CVar [[r.LightMaxDrawDistanceScale:1]]
[2021.11.09-02.31.40:627][  0]LogConfig: Setting CVar [[r.CapsuleShadows:1]]
[2021.11.09-02.31.40:627][  0]LogConfig: Applying CVar settings from Section [PostProcessQuality@3] File [D:/workspace/Unreal/ToonTanksProjectSetup_4.25/ToonTanks/Saved/Config/Windows/Scalability.ini]
[2021.11.09-02.31.40:627][  0]LogConfig: Setting CVar [[r.MotionBlurQuality:4]]
[2021.11.09-02.31.40:627][  0]LogConfig: Setting CVar [[r.AmbientOcclusionMipLevelFactor:0.4]]
[2021.11.09-02.31.40:627][  0]LogConfig: Setting CVar [[r.AmbientOcclusionMaxQuality:100]]
[2021.11.09-02.31.40:627][  0]LogConfig: Setting CVar [[r.AmbientOcclusionLevels:-1]]
[2021.11.09-02.31.40:627][  0]LogConfig: Setting CVar [[r.AmbientOcclusionRadiusScale:1.0]]
[2021.11.09-02.31.40:627][  0]LogConfig: Setting CVar [[r.DepthOfFieldQuality:2]]
[2021.11.09-02.31.40:627][  0]LogConfig: Setting CVar [[r.RenderTargetPoolMin:400]]
[2021.11.09-02.31.40:627][  0]LogConfig: Setting CVar [[r.LensFlareQuality:2]]
[2021.11.09-02.31.40:627][  0]LogConfig: Setting CVar [[r.SceneColorFringeQuality:1]]
[2021.11.09-02.31.40:627][  0]LogConfig: Setting CVar [[r.EyeAdaptationQuality:2]]
[2021.11.09-02.31.40:627][  0]LogConfig: Setting CVar [[r.BloomQuality:5]]
[2021.11.09-02.31.40:627][  0]LogConfig: Setting CVar [[r.FastBlurThreshold:100]]
[2021.11.09-02.31.40:627][  0]LogConfig: Setting CVar [[r.Upscale.Quality:3]]
[2021.11.09-02.31.40:627][  0]LogConfig: Setting CVar [[r.Tonemapper.GrainQuantization:1]]
[2021.11.09-02.31.40:627][  0]LogConfig: Setting CVar [[r.LightShaftQuality:1]]
[2021.11.09-02.31.40:627][  0]LogConfig: Setting CVar [[r.Filter.SizeScale:1]]
[2021.11.09-02.31.40:627][  0]LogConfig: Setting CVar [[r.Tonemapper.Quality:5]]
[2021.11.09-02.31.40:627][  0]LogConfig: Setting CVar [[r.DOF.Gather.AccumulatorQuality:1        ; higher gathering accumulator quality]]
[2021.11.09-02.31.40:627][  0]LogConfig: Setting CVar [[r.DOF.Gather.PostfilterMethod:1          ; Median3x3 postfilering method]]
[2021.11.09-02.31.40:627][  0]LogConfig: Setting CVar [[r.DOF.Gather.EnableBokehSettings:0       ; no bokeh simulation when gathering]]
[2021.11.09-02.31.40:627][  0]LogConfig: Setting CVar [[r.DOF.Gather.RingCount:4                 ; medium number of samples when gathering]]
[2021.11.09-02.31.40:627][  0]LogConfig: Setting CVar [[r.DOF.Scatter.ForegroundCompositing:1    ; additive foreground scattering]]
[2021.11.09-02.31.40:627][  0]LogConfig: Setting CVar [[r.DOF.Scatter.BackgroundCompositing:2    ; additive background scattering]]
[2021.11.09-02.31.40:627][  0]LogConfig: Setting CVar [[r.DOF.Scatter.EnableBokehSettings:1      ; bokeh simulation when scattering]]
[2021.11.09-02.31.40:627][  0]LogConfig: Setting CVar [[r.DOF.Scatter.MaxSpriteRatio:0.1         ; only a maximum of 10% of scattered bokeh]]
[2021.11.09-02.31.40:627][  0]LogConfig: Setting CVar [[r.DOF.Recombine.Quality:1                ; cheap slight out of focus]]
[2021.11.09-02.31.40:627][  0]LogConfig: Setting CVar [[r.DOF.Recombine.EnableBokehSettings:0    ; no bokeh simulation on slight out of focus]]
[2021.11.09-02.31.40:627][  0]LogConfig: Setting CVar [[r.DOF.TemporalAAQuality:1                ; more stable temporal accumulation]]
[2021.11.09-02.31.40:627][  0]LogConfig: Setting CVar [[r.DOF.Kernel.MaxForegroundRadius:0.025]]
[2021.11.09-02.31.40:627][  0]LogConfig: Setting CVar [[r.DOF.Kernel.MaxBackgroundRadius:0.025]]
[2021.11.09-02.31.40:627][  0]LogConfig: Applying CVar settings from Section [TextureQuality@3] File [D:/workspace/Unreal/ToonTanksProjectSetup_4.25/ToonTanks/Saved/Config/Windows/Scalability.ini]
[2021.11.09-02.31.40:627][  0]LogConfig: Setting CVar [[r.Streaming.MipBias:0]]
[2021.11.09-02.31.40:627][  0]LogConfig: Setting CVar [[r.Streaming.AmortizeCPUToGPUCopy:0]]
[2021.11.09-02.31.40:627][  0]LogConfig: Setting CVar [[r.Streaming.MaxNumTexturesToStreamPerFrame:0]]
[2021.11.09-02.31.40:627][  0]LogConfig: Setting CVar [[r.Streaming.Boost:1]]
[2021.11.09-02.31.40:627][  0]LogConfig: Setting CVar [[r.MaxAnisotropy:8]]
[2021.11.09-02.31.40:627][  0]LogConfig: Setting CVar [[r.VT.MaxAnisotropy:8]]
[2021.11.09-02.31.40:627][  0]LogConfig: Setting CVar [[r.Streaming.LimitPoolSizeToVRAM:0]]
[2021.11.09-02.31.40:627][  0]LogConfig: Setting CVar [[r.Streaming.PoolSize:1000]]
[2021.11.09-02.31.40:627][  0]LogConfig: Setting CVar [[r.Streaming.MaxEffectiveScreenSize:0]]
[2021.11.09-02.31.40:627][  0]LogConfig: Applying CVar settings from Section [EffectsQuality@3] File [D:/workspace/Unreal/ToonTanksProjectSetup_4.25/ToonTanks/Saved/Config/Windows/Scalability.ini]
[2021.11.09-02.31.40:627][  0]LogConfig: Setting CVar [[r.TranslucencyLightingVolumeDim:64]]
[2021.11.09-02.31.40:627][  0]LogConfig: Setting CVar [[r.RefractionQuality:2]]
[2021.11.09-02.31.40:627][  0]LogConfig: Setting CVar [[r.SSR.Quality:3]]
[2021.11.09-02.31.40:627][  0]LogConfig: Setting CVar [[r.SSR.HalfResSceneColor:0]]
[2021.11.09-02.31.40:627][  0]LogConfig: Setting CVar [[r.SceneColorFormat:4]]
[2021.11.09-02.31.40:627][  0]LogConfig: Setting CVar [[r.DetailMode:2]]
[2021.11.09-02.31.40:627][  0]LogConfig: Setting CVar [[r.TranslucencyVolumeBlur:1]]
[2021.11.09-02.31.40:627][  0]LogConfig: Setting CVar [[r.MaterialQualityLevel:1 ; High quality]]
[2021.11.09-02.31.40:627][  0]LogConfig: Setting CVar [[r.AnisotropicMaterials:1]]
[2021.11.09-02.31.40:627][  0]LogConfig: Setting CVar [[r.SSS.Scale:1]]
[2021.11.09-02.31.40:627][  0]LogConfig: Setting CVar [[r.SSS.SampleSet:2]]
[2021.11.09-02.31.40:627][  0]LogConfig: Setting CVar [[r.SSS.Quality:1]]
[2021.11.09-02.31.40:627][  0]LogConfig: Setting CVar [[r.SSS.HalfRes:0]]
[2021.11.09-02.31.40:627][  0]LogConfig: Setting CVar [[r.SSGI.Quality:3]]
[2021.11.09-02.31.40:627][  0]LogConfig: Setting CVar [[r.EmitterSpawnRateScale:1.0]]
[2021.11.09-02.31.40:627][  0]LogConfig: Setting CVar [[r.ParticleLightQuality:2]]
[2021.11.09-02.31.40:627][  0]LogConfig: Setting CVar [[r.SkyAtmosphere.AerialPerspectiveLUT.FastApplyOnOpaque:1 ; Always have FastSkyLUT 1 in this case to avoid wrong sky]]
[2021.11.09-02.31.40:627][  0]LogConfig: Setting CVar [[r.SkyAtmosphere.AerialPerspectiveLUT.SampleCountMaxPerSlice:4]]
[2021.11.09-02.31.40:627][  0]LogConfig: Setting CVar [[r.SkyAtmosphere.AerialPerspectiveLUT.DepthResolution:16.0]]
[2021.11.09-02.31.40:627][  0]LogConfig: Setting CVar [[r.SkyAtmosphere.FastSkyLUT:1]]
[2021.11.09-02.31.40:627][  0]LogConfig: Setting CVar [[r.SkyAtmosphere.FastSkyLUT.SampleCountMin:4.0]]
[2021.11.09-02.31.40:627][  0]LogConfig: Setting CVar [[r.SkyAtmosphere.FastSkyLUT.SampleCountMax:128.0]]
[2021.11.09-02.31.40:627][  0]LogConfig: Setting CVar [[r.SkyAtmosphere.SampleCountMin:4.0]]
[2021.11.09-02.31.40:627][  0]LogConfig: Setting CVar [[r.SkyAtmosphere.SampleCountMax:128.0]]
[2021.11.09-02.31.40:627][  0]LogConfig: Setting CVar [[r.SkyAtmosphere.TransmittanceLUT.UseSmallFormat:0]]
[2021.11.09-02.31.40:627][  0]LogConfig: Setting CVar [[r.SkyAtmosphere.TransmittanceLUT.SampleCount:10.0]]
[2021.11.09-02.31.40:627][  0]LogConfig: Setting CVar [[r.SkyAtmosphere.MultiScatteringLUT.SampleCount:15.0]]
[2021.11.09-02.31.40:627][  0]LogConfig: Setting CVar [[r.SkyLight.RealTimeReflectionCapture:1]]
[2021.11.09-02.31.40:627][  0]LogConfig: Applying CVar settings from Section [FoliageQuality@3] File [D:/workspace/Unreal/ToonTanksProjectSetup_4.25/ToonTanks/Saved/Config/Windows/Scalability.ini]
[2021.11.09-02.31.40:627][  0]LogConfig: Setting CVar [[foliage.DensityScale:1.0]]
[2021.11.09-02.31.40:627][  0]LogConfig: Setting CVar [[grass.DensityScale:1.0]]
[2021.11.09-02.31.40:627][  0]LogConfig: Applying CVar settings from Section [ShadingQuality@3] File [D:/workspace/Unreal/ToonTanksProjectSetup_4.25/ToonTanks/Saved/Config/Windows/Scalability.ini]
[2021.11.09-02.31.40:627][  0]LogConfig: Setting CVar [[r.HairStrands.SkyLighting.IntegrationType:2]]
[2021.11.09-02.31.40:627][  0]LogConfig: Setting CVar [[r.HairStrands.SkyAO.SampleCount:4]]
[2021.11.09-02.31.40:627][  0]LogConfig: Setting CVar [[r.HairStrands.Visibility.MSAA.SamplePerPixel:4]]
[2021.11.09-02.31.40:627][  0]LogConfig: Applying CVar settings from Section [Startup] File [../../../Engine/Config/ConsoleVariables.ini]
[2021.11.09-02.31.40:628][  0]LogConfig: Setting CVar [[net.UseAdaptiveNetUpdateFrequency:0]]
[2021.11.09-02.31.40:628][  0]LogConfig: Setting CVar [[p.chaos.AllowCreatePhysxBodies:1]]
[2021.11.09-02.31.40:628][  0]LogConfig: Setting CVar [[fx.SkipVectorVMBackendOptimizations:1]]
[2021.11.09-02.31.40:628][  0]LogConfig: Applying CVar settings from Section [ConsoleVariables] File [D:/workspace/Unreal/ToonTanksProjectSetup_4.25/ToonTanks/Saved/Config/Windows/Engine.ini]
[2021.11.09-02.31.40:628][  0]LogConfig: Applying CVar settings from Section [ConsoleVariables] File [D:/workspace/Unreal/ToonTanksProjectSetup_4.25/ToonTanks/Saved/Config/Windows/Editor.ini]
[2021.11.09-02.31.40:628][  0]LogInit: Computer: DESKTOP-1I2TUOC
[2021.11.09-02.31.40:628][  0]LogInit: User: limhy
[2021.11.09-02.31.40:628][  0]LogInit: CPU Page size=4096, Cores=8
[2021.11.09-02.31.40:628][  0]LogInit: High frequency timer resolution =10.000000 MHz
[2021.11.09-02.31.40:628][  0]LogMemory: Memory total: Physical=31.9GB (32GB approx)
[2021.11.09-02.31.40:628][  0]LogMemory: Platform Memory Stats for Windows
[2021.11.09-02.31.40:628][  0]LogMemory: Process Physical Memory: 152.64 MB used, 152.65 MB peak
[2021.11.09-02.31.40:628][  0]LogMemory: Process Virtual Memory: 129.36 MB used, 129.36 MB peak
[2021.11.09-02.31.40:628][  0]LogMemory: Physical Memory: 10914.90 MB used,  21711.64 MB free, 32626.54 MB total
[2021.11.09-02.31.40:628][  0]LogMemory: Virtual Memory: 134196296.00 MB used,  21429.60 MB free, 134217728.00 MB total
[2021.11.09-02.31.40:637][  0]LogWindows: WindowsPlatformFeatures enabled
[2021.11.09-02.31.40:745][  0]LogInit: Physics initialised using underlying interface: PhysX
[2021.11.09-02.31.40:745][  0]LogInit: Using OS detected language (ko-KR).
[2021.11.09-02.31.40:745][  0]LogInit: Using OS detected locale (ko-KR).
[2021.11.09-02.31.40:747][  0]LogTextLocalizationManager: No specific localization for 'ko-KR' exists, so the 'ko' localization will be used.
[2021.11.09-02.31.40:836][  0]LogInit: Setting process to per monitor DPI aware
[2021.11.09-02.31.40:877][  0]LogWindowsTextInputMethodSystem: Display: IME system deactivated.
[2021.11.09-02.31.40:891][  0]LogSlate: New Slate User Created.  User Index 0, Is Virtual User: 0
[2021.11.09-02.31.40:891][  0]LogSlate: Slate User Registered.  User Index 0, Is Virtual User: 0
[2021.11.09-02.31.41:079][  0]LogD3D11RHI: Loaded GFSDK_Aftermath_Lib.x64.dll
[2021.11.09-02.31.41:084][  0]LogHMD: Failed to initialize OpenVR with code 110
[2021.11.09-02.31.41:084][  0]LogD3D11RHI: D3D11 min allowed feature level: 11_0
[2021.11.09-02.31.41:084][  0]LogD3D11RHI: D3D11 max allowed feature level: 11_0
[2021.11.09-02.31.41:084][  0]LogD3D11RHI: D3D11 adapters:
[2021.11.09-02.31.41:208][  0]LogD3D11RHI:    0. 'NVIDIA GeForce GTX 1660 SUPER' (Feature Level 11_0)
[2021.11.09-02.31.41:208][  0]LogD3D11RHI:       5991/0/16313 MB DedicatedVideo/DedicatedSystem/SharedSystem, Outputs:1, VendorId:0x10de
[2021.11.09-02.31.41:210][  0]LogD3D11RHI:    1. 'Microsoft Basic Render Driver' (Feature Level 11_0)
[2021.11.09-02.31.41:210][  0]LogD3D11RHI:       0/0/16313 MB DedicatedVideo/DedicatedSystem/SharedSystem, Outputs:0, VendorId:0x1414
[2021.11.09-02.31.41:210][  0]LogD3D11RHI: Chosen D3D11 Adapter:
[2021.11.09-02.31.41:210][  0]LogD3D11RHI:     Description : NVIDIA GeForce GTX 1660 SUPER
[2021.11.09-02.31.41:210][  0]LogD3D11RHI:     VendorId    : 10de
[2021.11.09-02.31.41:210][  0]LogD3D11RHI:     DeviceId    : 21c4
[2021.11.09-02.31.41:210][  0]LogD3D11RHI:     SubSysId    : 878c1043
[2021.11.09-02.31.41:210][  0]LogD3D11RHI:     Revision    : 00a1
[2021.11.09-02.31.41:210][  0]LogD3D11RHI:     DedicatedVideoMemory : 6282018816 bytes
[2021.11.09-02.31.41:210][  0]LogD3D11RHI:     DedicatedSystemMemory : 0 bytes
[2021.11.09-02.31.41:210][  0]LogD3D11RHI:     SharedSystemMemory : 17105702912 bytes
[2021.11.09-02.31.41:210][  0]LogD3D11RHI:     AdapterLuid : 0 60149
[2021.11.09-02.31.41:216][  0]LogD3D11RHI: Creating new Direct3DDevice
[2021.11.09-02.31.41:216][  0]LogD3D11RHI:     GPU DeviceId: 0x21c4 (for the marketing name, search the web for "GPU Device Id")
[2021.11.09-02.31.41:216][  0]LogWindows: EnumDisplayDevices:
[2021.11.09-02.31.41:217][  0]LogWindows:    0. 'NVIDIA GeForce GTX 1660 SUPER' (P:1 D:1)
[2021.11.09-02.31.41:217][  0]LogWindows:    1. 'NVIDIA GeForce GTX 1660 SUPER' (P:0 D:0)
[2021.11.09-02.31.41:218][  0]LogWindows:    2. 'NVIDIA GeForce GTX 1660 SUPER' (P:0 D:0)
[2021.11.09-02.31.41:219][  0]LogWindows:    3. 'NVIDIA GeForce GTX 1660 SUPER' (P:0 D:0)
[2021.11.09-02.31.41:220][  0]LogWindows: DebugString: FoundDriverCount:4 
[2021.11.09-02.31.41:220][  0]LogD3D11RHI:     Adapter Name: NVIDIA GeForce GTX 1660 SUPER
[2021.11.09-02.31.41:220][  0]LogD3D11RHI:   Driver Version: 472.12 (internal:30.0.14.7212, unified:472.12)
[2021.11.09-02.31.41:220][  0]LogD3D11RHI:      Driver Date: 9-13-2021
[2021.11.09-02.31.41:220][  0]LogRHI: Texture pool is 4193 MB (70% of 5991 MB)
[2021.11.09-02.31.41:220][  0]LogD3D11RHI: Creating D3DDevice using adapter:
[2021.11.09-02.31.41:220][  0]LogD3D11RHI:     Description : NVIDIA GeForce GTX 1660 SUPER
[2021.11.09-02.31.41:220][  0]LogD3D11RHI:     VendorId    : 10de
[2021.11.09-02.31.41:220][  0]LogD3D11RHI:     DeviceId    : 21c4
[2021.11.09-02.31.41:220][  0]LogD3D11RHI:     SubSysId    : 878c1043
[2021.11.09-02.31.41:220][  0]LogD3D11RHI:     Revision    : 00a1
[2021.11.09-02.31.41:220][  0]LogD3D11RHI:     DedicatedVideoMemory : 6282018816 bytes
[2021.11.09-02.31.41:220][  0]LogD3D11RHI:     DedicatedSystemMemory : 0 bytes
[2021.11.09-02.31.41:220][  0]LogD3D11RHI:     SharedSystemMemory : 17105702912 bytes
[2021.11.09-02.31.41:220][  0]LogD3D11RHI:     AdapterLuid : 0 60149
[2021.11.09-02.31.41:289][  0]LogD3D11RHI: RHI has support for 64 bit atomics
[2021.11.09-02.31.41:289][  0]LogD3D11RHI: Async texture creation enabled
[2021.11.09-02.31.41:289][  0]LogD3D11RHI: Array index from any shader is supported
[2021.11.09-02.31.41:313][  0]LogD3D11RHI: GPU Timing Frequency: 1000.000000 (Debug: 2 2)
[2021.11.09-02.31.41:386][  0]LogRHI: GeForceNow SDK initialized: 1
[2021.11.09-02.31.41:733][  0]LogTargetPlatformManager: Display: Loaded TargetPlatform 'AllDesktop'
[2021.11.09-02.31.41:752][  0]LogTargetPlatformManager: Display: Loaded TargetPlatform 'Android'
[2021.11.09-02.31.41:752][  0]LogTargetPlatformManager: Display: Loaded TargetPlatform 'Android_ASTC'
[2021.11.09-02.31.41:752][  0]LogTargetPlatformManager: Display: Loaded TargetPlatform 'Android_DXT'
[2021.11.09-02.31.41:752][  0]LogTargetPlatformManager: Display: Loaded TargetPlatform 'Android_ETC2'
[2021.11.09-02.31.41:752][  0]LogTargetPlatformManager: Display: Loaded TargetPlatform 'AndroidClient'
[2021.11.09-02.31.41:752][  0]LogTargetPlatformManager: Display: Loaded TargetPlatform 'Android_ASTCClient'
[2021.11.09-02.31.41:752][  0]LogTargetPlatformManager: Display: Loaded TargetPlatform 'Android_DXTClient'
[2021.11.09-02.31.41:752][  0]LogTargetPlatformManager: Display: Loaded TargetPlatform 'Android_ETC2Client'
[2021.11.09-02.31.41:752][  0]LogTargetPlatformManager: Display: Loaded TargetPlatform 'Android_Multi'
[2021.11.09-02.31.41:752][  0]LogTargetPlatformManager: Display: Loaded TargetPlatform 'Android_MultiClient'
[2021.11.09-02.31.41:776][  0]LogTargetPlatformManager: Display: Loaded TargetPlatform 'IOSClient'
[2021.11.09-02.31.41:776][  0]LogTargetPlatformManager: Display: Loaded TargetPlatform 'IOS'
[2021.11.09-02.31.41:787][  0]LogTargetPlatformManager: Display: Loaded TargetPlatform 'Linux'
[2021.11.09-02.31.41:793][  0]LogTargetPlatformManager: Display: Loaded TargetPlatform 'LinuxNoEditor'
[2021.11.09-02.31.41:800][  0]LogTargetPlatformManager: Display: Loaded TargetPlatform 'LinuxClient'
[2021.11.09-02.31.41:807][  0]LogTargetPlatformManager: Display: Loaded TargetPlatform 'LinuxServer'
[2021.11.09-02.31.41:817][  0]LogTargetPlatformManager: Display: Loaded TargetPlatform 'LinuxAArch64NoEditor'
[2021.11.09-02.31.41:824][  0]LogTargetPlatformManager: Display: Loaded TargetPlatform 'LinuxAArch64Client'
[2021.11.09-02.31.41:830][  0]LogTargetPlatformManager: Display: Loaded TargetPlatform 'LinuxAArch64Server'
[2021.11.09-02.31.41:852][  0]LogTargetPlatformManager: Display: Loaded TargetPlatform 'Lumin'
[2021.11.09-02.31.41:852][  0]LogTargetPlatformManager: Display: Loaded TargetPlatform 'LuminClient'
[2021.11.09-02.31.41:862][  0]LogTargetPlatformManager: Display: Loaded TargetPlatform 'MacNoEditor'
[2021.11.09-02.31.41:869][  0]LogTargetPlatformManager: Display: Loaded TargetPlatform 'Mac'
[2021.11.09-02.31.41:875][  0]LogTargetPlatformManager: Display: Loaded TargetPlatform 'MacClient'
[2021.11.09-02.31.41:881][  0]LogTargetPlatformManager: Display: Loaded TargetPlatform 'MacServer'
[2021.11.09-02.31.41:892][  0]LogTargetPlatformManager: Display: Loaded TargetPlatform 'TVOSClient'
[2021.11.09-02.31.41:892][  0]LogTargetPlatformManager: Display: Loaded TargetPlatform 'TVOS'
[2021.11.09-02.31.41:902][  0]LogTargetPlatformManager: Display: Loaded TargetPlatform 'WindowsNoEditor'
[2021.11.09-02.31.41:909][  0]LogTargetPlatformManager: Display: Loaded TargetPlatform 'Windows'
[2021.11.09-02.31.41:915][  0]LogTargetPlatformManager: Display: Loaded TargetPlatform 'WindowsClient'
[2021.11.09-02.31.41:922][  0]LogTargetPlatformManager: Display: Loaded TargetPlatform 'WindowsServer'
[2021.11.09-02.31.41:922][  0]LogTargetPlatformManager: Display: Building Assets For Windows
[2021.11.09-02.31.41:935][  0]LogAudioDebug: Display: Lib vorbis DLL was dynamically loaded.
[2021.11.09-02.31.41:986][  0]LogTextureFormatOodle: Display: Oodle Texture 2.9.0 init RDO Off
[2021.11.09-02.31.42:038][  0]LogRendererCore: Ray tracing is disabled. Reason: r.RayTracing=0.
[2021.11.09-02.31.42:038][  0]LogShaderCompilers: Guid format shader working directory is -20 characters bigger than the processId version (../../../../workspace/Unreal/ToonTanksProjectSetup_4.25/ToonTanks/Intermediate/Shaders/WorkingDirectory/35700/).
[2021.11.09-02.31.42:039][  0]LogShaderCompilers: Cleaned the shader compiler working directory 'C:/Users/limhy/AppData/Local/Temp/UnrealShaderWorkingDir/2A37595D4D630CE07D32FF8E5D2A0756/'.
[2021.11.09-02.31.42:039][  0]LogXGEController: Cannot use XGE Controller as Incredibuild is not installed on this machine.
[2021.11.09-02.31.42:039][  0]LogShaderCompilers: Cannot use XGE Shader Compiler as Incredibuild is not installed on this machine.
[2021.11.09-02.31.42:039][  0]LogShaderCompilers: Display: Using Local Shader Compiler.
[2021.11.09-02.31.42:671][  0]LogDerivedDataCache: Display: Max Cache Size: 512 MB
[2021.11.09-02.31.42:717][  0]LogDerivedDataCache: Loaded boot cache 0.05s 96MB C:/Users/limhy/AppData/Local/UnrealEngine/4.27/DerivedDataCache/Boot.ddc.
[2021.11.09-02.31.42:717][  0]LogDerivedDataCache: Display: Loaded Boot cache: C:/Users/limhy/AppData/Local/UnrealEngine/4.27/DerivedDataCache/Boot.ddc
[2021.11.09-02.31.42:718][  0]LogDerivedDataCache: FDerivedDataBackendGraph:  Pak pak cache file ../../../../workspace/Unreal/ToonTanksProjectSetup_4.25/ToonTanks/DerivedDataCache/DDC.ddp not found, will not use a pak cache.
[2021.11.09-02.31.42:718][  0]LogDerivedDataCache: Unable to find inner node Pak for hierarchical cache Hierarchy.
[2021.11.09-02.31.42:718][  0]LogDerivedDataCache: FDerivedDataBackendGraph:  CompressedPak pak cache file ../../../../workspace/Unreal/ToonTanksProjectSetup_4.25/ToonTanks/DerivedDataCache/Compressed.ddp not found, will not use a pak cache.
[2021.11.09-02.31.42:718][  0]LogDerivedDataCache: Unable to find inner node CompressedPak for hierarchical cache Hierarchy.
[2021.11.09-02.31.42:730][  0]LogDerivedDataCache: Display: Pak cache opened for reading ../../../Engine/DerivedDataCache/Compressed.ddp.
[2021.11.09-02.31.42:730][  0]LogDerivedDataCache: FDerivedDataBackendGraph:  EnterprisePak pak cache file ../../../Enterprise/DerivedDataCache/Compressed.ddp not found, will not use a pak cache.
[2021.11.09-02.31.42:730][  0]LogDerivedDataCache: Unable to find inner node EnterprisePak for hierarchical cache Hierarchy.
[2021.11.09-02.31.42:739][  0]LogDerivedDataCache: Speed tests for C:/Users/limhy/AppData/Local/UnrealEngine/Common/DerivedDataCache took 0.01 seconds
[2021.11.09-02.31.42:739][  0]LogDerivedDataCache: Display: Performance to C:/Users/limhy/AppData/Local/UnrealEngine/Common/DerivedDataCache: Latency=0.05ms. RandomReadSpeed=641.96MBs, RandomWriteSpeed=122.93MBs. Assigned SpeedClass 'Local'
[2021.11.09-02.31.42:739][  0]LogDerivedDataCache: Using Local data cache path C:/Users/limhy/AppData/Local/UnrealEngine/Common/DerivedDataCache: Writable
[2021.11.09-02.31.42:739][  0]LogDerivedDataCache: Shared data cache path not found in *engine.ini, will not use an Shared cache.
[2021.11.09-02.31.42:739][  0]LogDerivedDataCache: Unable to find inner node Shared for hierarchical cache Hierarchy.
[2021.11.09-02.31.42:776][  0]LogSlate: Using FreeType 2.10.0
[2021.11.09-02.31.42:776][  0]LogSlate: SlateFontServices - WITH_FREETYPE: 1, WITH_HARFBUZZ: 1
[2021.11.09-02.31.42:798][  0]LogAssetRegistry: FAssetRegistry took 0.0021 seconds to start up
[2021.11.09-02.31.42:978][  0]LogInit: Selected Device Profile: [Windows]
[2021.11.09-02.31.42:978][  0]LogInit: Active device profile: [000001C0EF294700][000001C0EE4F6C00 49] Windows
[2021.11.09-02.31.42:978][  0]LogInit: Profiles: [000001C0EF294700][000001C0EE4F6C00 49] Windows, [000001C0EF237700][000001C0EE51AD80 49] WindowsNoEditor, [000001C0EF297300][000001C0EE51EF00 49] WindowsServer, [000001C0EF234F00][000001C0EF925080 49] WindowsClient, [000001C0EF297500][000001C0EF92D200 49] IOS, [000001C0EF15BF00][000001C0EF931380 49] iPadAir, [000001C0EF237B00][000001C0EF935500 49] iPadAir2, [000001C0EEFE4500][000001C0E14A97C0 49] IPadPro, [000001C0EEFE4600][000001C0EF93D800 49] iPadAir3, [000001C0EF158100][000001C0E14AD980 49] iPadAir4, [000001C0EEFE6C00][000001C0E59FDB00 49] iPadMini2, [000001C0EF15A500][000001C0E5A3A100 49] iPadMini3, [000001C0EEFE7400][000001C0E5A5E280 49] iPadMini4, [000001C0EF158F00][000001C0E5360400 49] iPadMini5, [000001C0EEFBFE00][000001C0E59DA6C0 49] iPhone6, [000001C0EEFBFF00][000001C0E59D6700 49] iPodTouch6, [000001C0EF297900][000001C0E5390940 49] iPhone7, [000001C0EF296100][000001C0EE4FA980 49] iPodTouch7, [000001C0EEFBC400][000001C0E5394AC0 49] iPhone5S, [000001C0EEFE7D00][000001C0E59DEC40 49] iPhone6Plus, [000001C0EF297400][000001C0E59E2DC0 49] iPhone6S, [000001C0EEFE6000][000001C0E59E6F40 49] iPhone6SPlus, [000001C0EF294900][000001C0E59EB0C0 49] iPhone7Plus, [000001C0EEFE4E00][000001C0E59EF240 49] iPhoneSE, [000001C0EF297100][000001C0EFD273C0 49] iPhone8, [000001C0EEFE6400][000001C0EFD2F540 49] iPhone8Plus, [000001C0EF297A00][000001C0EFD336C0 49] iPhoneX, [000001C0EEFE7E00][000001C0EFD37840 49] iPhoneXS, [000001C0EF295500][000001C0EFD3B9C0 49] iPhoneXSMax, [000001C0EEFE6500][000001C0EFD3FB40 49] iPhoneXR, [000001C0EF296A00][000001C0EFD42140 49] iPhone11, [000001C0EEFE7A00][000001C0E4FAE2C0 49] iPhone11Pro, [000001C0EF294F00][000001C0E4FB2440 49] iPhone11ProMax, [000001C0EEFE6300][000001C0E4FC25C0 49] iPhoneSE2, [000001C0EF295700][000001C0E534C740 49] iPhone12Mini, [000001C0EEFE4700][000001C0E53548C0 49] iPhone12, [000001C0EF294300][000001C0E5398A00 49] iPhone12Pro, [000001C0EEFE7500][000001C0E5358B40 49] iPhone12ProMax, [000001C0EF294B00][000001C0D5AFCC80 49] iPadPro105, [000001C0EEFE5B00][000001C0EF8CCDC0 49] iPadPro129, [000001C0EF294200][000001C0EF8D4F40 49] iPadPro97, [000001C0EEFE6100][000001C0E5A3F0C0 49] iPadPro2_129, [000001C0EF294D00][000001C0E5A43240 49] iPad5, [000001C0EEFE7000][000001C0E5A473C0 49] iPad6, [000001C0EF296C00][000001C0E59CD540 49] iPad7, [000001C0EEFE6E00][000001C0E535D6C0 49] iPad8, [000001C0EF295900][000001C0E59D1840 49] iPadPro11, [000001C0EEFE7F00][000001C0E5A559C0 49] iPadPro2_11, [000001C0EF295600][000001C0E5A59B40 49] iPadPro3_129, [000001C0EEFE6700][000001C0EFD1A140 49] iPadPro4_129, [000001C0EF296600][000001C0E53502C0 49] AppleTV, [000001C0EEFE6B00][000001C0D5B28440 49] AppleTV4K, [000001C0EF295B00][000001C0EFD1E5C0 49] TVOS, [000001C0EEFE4900][000001C0EFD22740 49] Mac, [000001C0EF296700][000001C0D5B008C0 49] MacClient, [000001C0EEFE6F00][000001C0D5B04A40 49] MacNoEditor, [000001C0EF297B00][000001C0EF8D0B80 49] MacServer, [000001C0EEFE4400][000001C0D5B08CC0 49] Linux, [000001C0EF296E00][000001C0D5B0CE00 49] LinuxAArch64, [000001C0EEFE5500][000001C0D5B10F40 49] LinuxNoEditor, [000001C0EF296B00][000001C0D5B190C0 49] LinuxAArch64NoEditor, [000001C0EEFE7600][000001C0D5B1D240 49] LinuxClient, [000001C0EF296D00][000001C0D5B213C0 49] LinuxAArch64Client, [000001C0EEFE4B00][000001C0D5B25540 49] LinuxServer, [000001C0EF294400][000001C0EF8ED6C0 49] LinuxAArch64Server, [000001C0EEFE7C00][000001C0EF8F1840 49] Android, [000001C0EF15BA00][000001C0EF8F59C0 49] Android_Low, [000001C0EEFBDB00][000001C0EF8F9B40 49] Android_Mid, [000001C0EF15B000][000001C0EF8FC140 49] Android_High, [000001C0EEFBE300][000001C0EF9002C0 49] Android_Default, [000001C0EF15A000][000001C0EF904440 49] Android_Adreno4xx, [000001C0EEFBC100][000001C0EF9085C0 49] Android_Adreno5xx_Low, [000001C0EF158B00][000001C0EF90C740 49] Android_Adreno5xx, [000001C0EEFBD800][000001C0EF9108C0 49] Android_Adreno6xx, [000001C0EF159100][000001C0EF914A40 49] Android_Adreno6xx_Vulkan, [000001C0EEFBC800][000001C0EF918BC0 49] Android_Mali_T6xx, [000001C0EF15B600][000001C0EF91CD40 49] Android_Mali_T7xx, [000001C0EEFBCD00][000001C0D5B14E80 49] Android_Mali_T8xx, [000001C0EF15BC00][000001C0EF920FC0 49] Android_Mali_G71, [000001C0EEFBD500][000001C0E4F43100 49] Android_Mali_G72, [000001C0EF15BE00][000001C0E4F4B280 49] Android_Mali_G72_Vulkan, [000001C0EEFBFD00][000001C0E4F4F400 49] Android_Mali_G76, [000001C0EF15B900][000001C0E4F53580 49] Android_Mali_G76_Vulkan, [000001C0EEFBF600][000001C0E4F57700 49] Android_Mali_G77, [000001C0EF15A200][000001C0E4F5B880 49] Android_Mali_G77_Vulkan, [000001C0EEFBF800][000001C0E4F5FA00 49] Android_Mali_G78, [000001C0EF158A00][000001C0E4F63B80 49] Android_Mali_G78_Vulkan, [000001C0EEFBF400][000001C0E4F66180 49] Android_Mali_G710, [000001C0EF159400][000001C0E4F6A300 49] Android_Mali_G710_Vulkan, [000001C0EEFBC600][000001C0E4F6E480 49] Android_Vulkan_SM5, [000001C0EF15A400][000001C0E4F72600 49] Android_PowerVR_G6xxx, [000001C0EEFBCE00][000001C0E4F76780 49] Android_PowerVR_GT7xxx, [000001C0EF158200][000001C0E4F7A900 49] Android_PowerVR_GE8xxx, [000001C0EEFBC700][000001C0EFB98A80 49] Android_PowerVR_GM9xxx, [000001C0EF15A100][000001C0EFB9CC00 49] Android_PowerVR_GM9xxx_Vulkan, [000001C0EEFE6600][000001C0EFBA0D80 49] Android_TegraK1, [000001C0EF15AA00][000001C0EFBA4F00 49] Android_Unknown_Vulkan, [000001C0EEFE5400][000001C0E4F47040 49] Lumin, [000001C0EF159300][000001C0EFBA9180 49] Lumin_Desktop, [000001C0EEFE4C00][000001C0EFBAD2C0 49] HoloLens, 
[2021.11.09-02.31.43:109][  0]LogMeshReduction: Using QuadricMeshReduction for automatic static mesh reduction
[2021.11.09-02.31.43:109][  0]LogMeshReduction: Using SimplygonMeshReduction for automatic skeletal mesh reduction
[2021.11.09-02.31.43:109][  0]LogMeshReduction: Using ProxyLODMeshReduction for automatic mesh merging
[2021.11.09-02.31.43:109][  0]LogMeshReduction: No distributed automatic mesh merging module available
[2021.11.09-02.31.43:109][  0]LogMeshMerging: No distributed automatic mesh merging module available
[2021.11.09-02.31.43:125][  0]LogNetVersion: ToonTanks 1.0.0, NetCL: 17155196, EngineNetVer: 17, GameNetVer: 0 (Checksum: 3806074785)
[2021.11.09-02.31.43:432][  0]LogTexture: Default maximum texture size for cubemaps generated from long-lat sources has been changed from 512 to unlimited. In order to preserve old behaiour for '/Engine/MapTemplates/Sky/DaylightAmbientCubemap.DaylightAmbientCubemap', its maximum texture size has been explicitly set to 512.
[2021.11.09-02.31.43:472][  0]LogHMD: PokeAHoleMaterial loaded successfully
[2021.11.09-02.31.43:477][  0]LogUObjectArray: 17174 objects as part of root set at end of initial load.
[2021.11.09-02.31.43:477][  0]LogUObjectAllocator: 4300288 out of 0 bytes used by permanent object pool.
[2021.11.09-02.31.43:477][  0]LogUObjectArray: CloseDisregardForGC: 0/0 objects in disregard for GC pool
[2021.11.09-02.31.43:836][  0]LogNiagaraDebuggerClient: Niagara Debugger Client Initialized | Session: 19B810014638EE3D9E6F3497F3E35FD9 | Instance: 81DC614A438755D48C4B6DA60E6A6602 (DESKTOP-1I2TUOC-35700).
[2021.11.09-02.31.43:983][  0]LogImageWrapper: Warning: PNG Warning: Duplicate iCCP chunk
[2021.11.09-02.31.43:983][  0]LogImageWrapper: Warning: PNG Warning: Duplicate iCCP chunk
[2021.11.09-02.31.43:983][  0]LogPython: Using Python 3.7.7
[2021.11.09-02.31.44:395][  0]LogTcpMessaging: Initializing TcpMessaging bridge
[2021.11.09-02.31.44:409][  0]LogUdpMessaging: Initializing bridge on interface 0.0.0.0:0 to multicast group 230.0.0.1:6666.
[2021.11.09-02.31.44:627][  0]SourceControl: 소스 컨트롤이 꺼졌습니다.
[2021.11.09-02.31.44:627][  0]SourceControl: 소스 컨트롤이 꺼졌습니다.
[2021.11.09-02.31.44:632][  0]SourceControl: 소스 컨트롤이 꺼졌습니다.
[2021.11.09-02.31.44:642][  0]SourceControl: 소스 컨트롤이 꺼졌습니다.
[2021.11.09-02.31.44:656][  0]SourceControl: 소스 컨트롤이 꺼졌습니다.
[2021.11.09-02.31.44:667][  0]LogUProjectInfo: Found projects:
[2021.11.09-02.31.44:995][  0]LogOpenImageDenoise: OIDN starting up
[2021.11.09-02.31.45:023][  0]LogAndroidPermission: UAndroidPermissionCallbackProxy::GetInstance
[2021.11.09-02.31.45:059][  0]LogAudioCaptureCore: Display: No Audio Capture implementations found. Audio input will be silent.
[2021.11.09-02.31.45:059][  0]LogAudioCaptureCore: Display: No Audio Capture implementations found. Audio input will be silent.
[2021.11.09-02.31.45:201][  0]LogCollectionManager: Loaded 0 collections in 0.000559 seconds
[2021.11.09-02.31.45:229][  0]LogFileCache: Scanning file cache for directory 'D:/workspace/Unreal/ToonTanksProjectSetup_4.25/ToonTanks/Saved/Collections/' took 0.00s
[2021.11.09-02.31.45:229][  0]LogFileCache: Scanning file cache for directory 'D:/workspace/Unreal/ToonTanksProjectSetup_4.25/ToonTanks/Content/Developers/limhy/Collections/' took 0.00s
[2021.11.09-02.31.45:229][  0]LogFileCache: Scanning file cache for directory 'D:/workspace/Unreal/ToonTanksProjectSetup_4.25/ToonTanks/Content/Collections/' took 0.00s
[2021.11.09-02.31.45:229][  0]LogOcInput: OculusInput pre-init called
[2021.11.09-02.31.45:413][  0]LogImageWrapper: Warning: PNG Warning: Duplicate iCCP chunk
[2021.11.09-02.31.45:413][  0]LogImageWrapper: Warning: PNG Warning: Duplicate iCCP chunk
[2021.11.09-02.31.45:433][  0]LogEngine: Initializing Engine...
[2021.11.09-02.31.45:435][  0]LogHMD: Failed to enumerate extensions. Please check that you have a valid OpenXR runtime installed.
[2021.11.09-02.31.45:436][  0]LogHMD: Failed to initialize OpenVR with code 110
[2021.11.09-02.31.45:436][  0]LogMagicLeap: Warning: VR disabled because ZI is not enabled.  To enable, in the editor, Edit -> Project Settings -> Plugins -> Magic Leap Plugin -> Enable Zero Iteration
[2021.11.09-02.31.45:436][  0]LogStats: UGameplayTagsManager::InitializeManager -  0.000 s
[2021.11.09-02.31.45:531][  0]LogInit: Initializing FReadOnlyCVARCache
[2021.11.09-02.31.45:542][  0]LogAIModule: Creating AISystem for world Untitled
[2021.11.09-02.31.45:543][  0]LogAudio: Display: Initializing Audio Device Manager...
[2021.11.09-02.31.45:548][  0]LogAudio: Display: Loading Default Audio Settings Objects...
[2021.11.09-02.31.45:549][  0]LogAudio: Display: No default SoundConcurrencyObject specified (or failed to load).
[2021.11.09-02.31.45:549][  0]LogAudio: Display: Audio Device Manager Initialized
[2021.11.09-02.31.45:549][  0]LogAudio: Display: Creating Audio Device:                 Id: 1, Scope: Shared, Realtime: True
[2021.11.09-02.31.45:549][  0]LogAudioMixer: Display: Audio Mixer Platform Settings:
[2021.11.09-02.31.45:549][  0]LogAudioMixer: Display: 	Sample Rate:						  48000
[2021.11.09-02.31.45:549][  0]LogAudioMixer: Display: 	Callback Buffer Frame Size Requested: 1024
[2021.11.09-02.31.45:549][  0]LogAudioMixer: Display: 	Callback Buffer Frame Size To Use:	  1024
[2021.11.09-02.31.45:549][  0]LogAudioMixer: Display: 	Number of buffers to queue:			  2
[2021.11.09-02.31.45:549][  0]LogAudioMixer: Display: 	Max Channels (voices):				  32
[2021.11.09-02.31.45:549][  0]LogAudioMixer: Display: 	Number of Async Source Workers:		  0
[2021.11.09-02.31.45:549][  0]LogAudio: Display: AudioDevice MaxSources: 32
[2021.11.09-02.31.45:550][  0]LogAudio: Display: Audio Spatialization Plugin: None (built-in).
[2021.11.09-02.31.45:550][  0]LogAudio: Display: Audio Reverb Plugin: None (built-in).
[2021.11.09-02.31.45:550][  0]LogAudio: Display: Audio Occlusion Plugin: None (built-in).
[2021.11.09-02.31.45:550][  0]LogAudioMixer: Display: Initializing audio mixer.
[2021.11.09-02.31.45:567][  0]LogAudioMixer: Display: 0: FrontLeft
[2021.11.09-02.31.45:567][  0]LogAudioMixer: Display: 1: FrontRight
[2021.11.09-02.31.45:596][  0]LogAudioMixer: Display: Using Audio Device MSI G27C5(NVIDIA High Definition Audio)
[2021.11.09-02.31.45:597][  0]LogAudioMixer: Display: Initializing Sound Submixes...
[2021.11.09-02.31.45:598][  0]LogAudioMixer: Display: Creating Master Submix 'MasterSubmixDefault'
[2021.11.09-02.31.45:598][  0]LogAudioMixer: Display: Creating Master Submix 'MasterReverbSubmixDefault'
[2021.11.09-02.31.45:599][  0]LogAudioMixer: Display: Creating Master Submix 'MasterEQSubmixDefault'
[2021.11.09-02.31.45:599][  0]LogAudioMixer: FMixerPlatformXAudio2::StartAudioStream() called
[2021.11.09-02.31.45:599][  0]LogAudioMixer: Display: Output buffers initialized: Frames=1024, Channels=2, Samples=2048
[2021.11.09-02.31.45:601][  0]LogAudioMixer: Display: Starting AudioMixerPlatformInterface::RunInternal()
[2021.11.09-02.31.45:601][  0]LogAudioMixer: Display: FMixerPlatformXAudio2::SubmitBuffer() called for the first time
[2021.11.09-02.31.45:601][  0]LogInit: FAudioDevice initialized.
[2021.11.09-02.31.45:601][  0]LogAudio: Display: Audio Device (ID: 1) registered with world 'Untitled'.
[2021.11.09-02.31.45:601][  0]LogNetVersion: Set ProjectVersion to 1.0.0.0. Version Checksum will be recalculated on next use.
[2021.11.09-02.31.45:659][  0]LogDerivedDataCache: Saved boot cache 0.06s 96MB C:/Users/limhy/AppData/Local/UnrealEngine/4.27/DerivedDataCache/Boot.ddc.
[2021.11.09-02.31.45:659][  0]LogInit: Texture streaming: Enabled
[2021.11.09-02.31.45:677][  0]LogAnalytics: Display: [UEEditor.Rocket.Release] APIServer = https://datarouter.ol.epicgames.com/. AppVersion = 4.27.1-17735300+++UE4+Release-4.27
[2021.11.09-02.31.45:685][  0]LogEngineSessionManager: EngineSessionManager initialized
[2021.11.09-02.31.45:685][  0]LogEditorSessionSummary: Verbose: Initializing EditorSessionSummaryWriter for editor session tracking
[2021.11.09-02.31.45:691][  0]LogEditorSessionSummary: EditorSessionSummaryWriter initialized
[2021.11.09-02.31.45:720][  0]LogInit: Transaction tracking system initialized
[2021.11.09-02.31.45:753][  0]BlueprintLog: New page: 에디터 로드
[2021.11.09-02.31.45:846][  0]LocalizationService: 현지화 서비스가 비활성화되었습니다.
[2021.11.09-02.31.45:882][  0]TimingProfiler: Initialize
[2021.11.09-02.31.45:882][  0]TimingProfiler: OnSessionChanged
[2021.11.09-02.31.45:882][  0]LoadingProfiler: Initialize
[2021.11.09-02.31.45:883][  0]LoadingProfiler: OnSessionChanged
[2021.11.09-02.31.45:883][  0]NetworkingProfiler: Initialize
[2021.11.09-02.31.45:883][  0]NetworkingProfiler: OnSessionChanged
[2021.11.09-02.31.45:883][  0]MemoryProfiler: Initialize
[2021.11.09-02.31.45:883][  0]MemoryProfiler: OnSessionChanged
[2021.11.09-02.31.46:031][  0]LogCook: Display: CookSettings for Memory: MemoryMaxUsedVirtual 0MiB, MemoryMaxUsedPhysical 16384MiB, MemoryMinFreeVirtual 0MiB, MemoryMinFreePhysical 1024MiB
[2021.11.09-02.31.46:031][  0]LogCook: Display: Mobile HDR setting 1
[2021.11.09-02.31.46:293][  0]LogFileCache: Scanning file cache for directory 'D:/workspace/Unreal/ToonTanksProjectSetup_4.25/ToonTanks/Content/' took 0.00s
[2021.11.09-02.31.46:433][  0]LogImageWrapper: Warning: PNG Warning: Duplicate iCCP chunk
[2021.11.09-02.31.46:433][  0]LogImageWrapper: Warning: PNG Warning: Duplicate iCCP chunk
[2021.11.09-02.31.46:445][  0]LogInit: Display: Engine is initialized. Leaving FEngineLoop::Init()
[2021.11.09-02.31.46:450][  0]SourceControl: 소스 컨트롤이 꺼졌습니다.
[2021.11.09-02.31.46:450][  0]LogUnrealEdMisc: Loading editor; pre map load, took 7.044
[2021.11.09-02.31.46:450][  0]Cmd: MAP LOAD FILE="../../../../workspace/Unreal/ToonTanksProjectSetup_4.25/ToonTanks/Content/Maps/Main.umap" TEMPLATE=0 SHOWPROGRESS=1 FEATURELEVEL=3
[2021.11.09-02.31.46:451][  0]LightingResults: New page: 라이팅 빌드
[2021.11.09-02.31.46:452][  0]LogWorld: UWorld::CleanupWorld for Untitled, bSessionEnded=true, bCleanupResources=true
[2021.11.09-02.31.46:452][  0]LogSlate: InvalidateAllWidgets triggered.  All widgets were invalidated
[2021.11.09-02.31.46:452][  0]MapCheck: New page: 맵 체크
[2021.11.09-02.31.46:452][  0]LightingResults: New page: 라이팅 빌드
[2021.11.09-02.31.46:463][  0]LogAudio: Display: Audio Device unregistered from world 'None'.
[2021.11.09-02.31.46:465][  0]LogUObjectHash: Compacting FUObjectHashTables data took   0.61ms
[2021.11.09-02.31.46:532][  0]LogAudio: Display: Audio Device (ID: 1) registered with world 'Main'.
[2021.11.09-02.31.46:533][  0]LogAIModule: Creating AISystem for world Main
[2021.11.09-02.31.46:535][  0]LogEditorServer: Finished looking for orphan Actors (0.000 secs)
[2021.11.09-02.31.46:546][  0]LogUObjectHash: Compacting FUObjectHashTables data took   0.65ms
[2021.11.09-02.31.46:546][  0]Cmd: MAP CHECKDEP NOCLEARLOG
[2021.11.09-02.31.46:546][  0]MapCheck: 맵 체크 완료: 오류 0 회, 경고 0 회, 소요 시간 0.081ms.
[2021.11.09-02.31.46:546][  0]LogFileHelpers: Loading map 'Main' took 0.095
[2021.11.09-02.31.46:548][  0]LogUnrealEdMisc: Total Editor Startup Time, took 7.141
[2021.11.09-02.31.46:663][  0]LogSlate: Updating window title bar state: overlay mode, drag disabled, window buttons hidden, title bar hidden
[2021.11.09-02.31.46:668][  0]LogSlate: Updating window title bar state: overlay mode, drag disabled, window buttons hidden, title bar hidden
[2021.11.09-02.31.46:672][  0]LogSlate: Updating window title bar state: overlay mode, drag disabled, window buttons hidden, title bar hidden
[2021.11.09-02.31.46:677][  0]LogSlate: Updating window title bar state: overlay mode, drag disabled, window buttons hidden, title bar hidden
[2021.11.09-02.31.46:690][  0]LogNativeClassHierarchy: Verbose: Native class hierarchy populated in 0.0072 seconds. Added 3825 classes and 931 folders.
[2021.11.09-02.31.46:692][  0]LogNativeClassHierarchy: Verbose: Native class hierarchy updated for 'WidgetCarousel' in 0.0002 seconds. Added 0 classes and 0 folders.
[2021.11.09-02.31.46:694][  0]LogPakFile: PakFile PrimaryIndexSize=187
[2021.11.09-02.31.46:694][  0]LogPakFile: PakFile PathHashIndexSize=101
[2021.11.09-02.31.46:694][  0]LogPakFile: PakFile FullDirectoryIndexSize=148
[2021.11.09-02.31.46:694][  0]LogShaderLibrary: Display: ShaderCodeLibraryPakFileMountedCallback: PakFile 'D:/UE_4.27/FeaturePacks/FP_FirstPerson.upack' (chunk index -1, root 'root:/') mounted
[2021.11.09-02.31.46:694][  0]LogShaderLibrary: Display: ShaderCodeLibraryPakFileMountedCallback: pending pak file info (ChunkID:-1 Root:root:/ File:D:/UE_4.27/FeaturePacks/FP_FirstPerson.upack)
[2021.11.09-02.31.46:694][  0]LogPakFile: OnPakFileMounted2Time == 0.000040
[2021.11.09-02.31.46:695][  0]LogPakFile: PakFile PrimaryIndexSize=189
[2021.11.09-02.31.46:695][  0]LogPakFile: PakFile PathHashIndexSize=101
[2021.11.09-02.31.46:695][  0]LogPakFile: PakFile FullDirectoryIndexSize=152
[2021.11.09-02.31.46:695][  0]LogShaderLibrary: Display: ShaderCodeLibraryPakFileMountedCallback: PakFile 'D:/UE_4.27/FeaturePacks/FP_FirstPersonBP.upack' (chunk index -1, root 'root:/') mounted
[2021.11.09-02.31.46:695][  0]LogShaderLibrary: Display: ShaderCodeLibraryPakFileMountedCallback: pending pak file info (ChunkID:-1 Root:root:/ File:D:/UE_4.27/FeaturePacks/FP_FirstPersonBP.upack)
[2021.11.09-02.31.46:695][  0]LogPakFile: OnPakFileMounted2Time == 0.000029
[2021.11.09-02.31.46:695][  0]LogPakFile: PakFile PrimaryIndexSize=191
[2021.11.09-02.31.46:695][  0]LogPakFile: PakFile PathHashIndexSize=101
[2021.11.09-02.31.46:695][  0]LogPakFile: PakFile FullDirectoryIndexSize=160
[2021.11.09-02.31.46:695][  0]LogShaderLibrary: Display: ShaderCodeLibraryPakFileMountedCallback: PakFile 'D:/UE_4.27/FeaturePacks/MobileStarterContent.upack' (chunk index -1, root 'root:/') mounted
[2021.11.09-02.31.46:695][  0]LogShaderLibrary: Display: ShaderCodeLibraryPakFileMountedCallback: pending pak file info (ChunkID:-1 Root:root:/ File:D:/UE_4.27/FeaturePacks/MobileStarterContent.upack)
[2021.11.09-02.31.46:695][  0]LogPakFile: OnPakFileMounted2Time == 0.000028
[2021.11.09-02.31.46:696][  0]LogPakFile: PakFile PrimaryIndexSize=185
[2021.11.09-02.31.46:696][  0]LogPakFile: PakFile PathHashIndexSize=101
[2021.11.09-02.31.46:696][  0]LogPakFile: PakFile FullDirectoryIndexSize=148
[2021.11.09-02.31.46:696][  0]LogShaderLibrary: Display: ShaderCodeLibraryPakFileMountedCallback: PakFile 'D:/UE_4.27/FeaturePacks/StarterContent.upack' (chunk index -1, root 'root:/') mounted
[2021.11.09-02.31.46:696][  0]LogShaderLibrary: Display: ShaderCodeLibraryPakFileMountedCallback: pending pak file info (ChunkID:-1 Root:root:/ File:D:/UE_4.27/FeaturePacks/StarterContent.upack)
[2021.11.09-02.31.46:696][  0]LogPakFile: OnPakFileMounted2Time == 0.000026
[2021.11.09-02.31.46:697][  0]LogPakFile: PakFile PrimaryIndexSize=190
[2021.11.09-02.31.46:697][  0]LogPakFile: PakFile PathHashIndexSize=101
[2021.11.09-02.31.46:697][  0]LogPakFile: PakFile FullDirectoryIndexSize=154
[2021.11.09-02.31.46:697][  0]LogShaderLibrary: Display: ShaderCodeLibraryPakFileMountedCallback: PakFile 'D:/UE_4.27/FeaturePacks/TP_2DSideScroller.upack' (chunk index -1, root 'root:/') mounted
[2021.11.09-02.31.46:697][  0]LogShaderLibrary: Display: ShaderCodeLibraryPakFileMountedCallback: pending pak file info (ChunkID:-1 Root:root:/ File:D:/UE_4.27/FeaturePacks/TP_2DSideScroller.upack)
[2021.11.09-02.31.46:697][  0]LogPakFile: OnPakFileMounted2Time == 0.000025
[2021.11.09-02.31.46:697][  0]LogPakFile: PakFile PrimaryIndexSize=192
[2021.11.09-02.31.46:697][  0]LogPakFile: PakFile PathHashIndexSize=101
[2021.11.09-02.31.46:697][  0]LogPakFile: PakFile FullDirectoryIndexSize=158
[2021.11.09-02.31.46:697][  0]LogShaderLibrary: Display: ShaderCodeLibraryPakFileMountedCallback: PakFile 'D:/UE_4.27/FeaturePacks/TP_2DSideScrollerBP.upack' (chunk index -1, root 'root:/') mounted
[2021.11.09-02.31.46:697][  0]LogShaderLibrary: Display: ShaderCodeLibraryPakFileMountedCallback: pending pak file info (ChunkID:-1 Root:root:/ File:D:/UE_4.27/FeaturePacks/TP_2DSideScrollerBP.upack)
[2021.11.09-02.31.46:697][  0]LogPakFile: OnPakFileMounted2Time == 0.000025
[2021.11.09-02.31.46:698][  0]LogPakFile: PakFile PrimaryIndexSize=182
[2021.11.09-02.31.46:698][  0]LogPakFile: PakFile PathHashIndexSize=101
[2021.11.09-02.31.46:698][  0]LogPakFile: PakFile FullDirectoryIndexSize=138
[2021.11.09-02.31.46:698][  0]LogShaderLibrary: Display: ShaderCodeLibraryPakFileMountedCallback: PakFile 'D:/UE_4.27/FeaturePacks/TP_Flying.upack' (chunk index -1, root 'root:/') mounted
[2021.11.09-02.31.46:698][  0]LogShaderLibrary: Display: ShaderCodeLibraryPakFileMountedCallback: pending pak file info (ChunkID:-1 Root:root:/ File:D:/UE_4.27/FeaturePacks/TP_Flying.upack)
[2021.11.09-02.31.46:698][  0]LogPakFile: OnPakFileMounted2Time == 0.000027
[2021.11.09-02.31.46:698][  0]LogPakFile: PakFile PrimaryIndexSize=184
[2021.11.09-02.31.46:698][  0]LogPakFile: PakFile PathHashIndexSize=101
[2021.11.09-02.31.46:698][  0]LogPakFile: PakFile FullDirectoryIndexSize=142
[2021.11.09-02.31.46:698][  0]LogShaderLibrary: Display: ShaderCodeLibraryPakFileMountedCallback: PakFile 'D:/UE_4.27/FeaturePacks/TP_FlyingBP.upack' (chunk index -1, root 'root:/') mounted
[2021.11.09-02.31.46:698][  0]LogShaderLibrary: Display: ShaderCodeLibraryPakFileMountedCallback: pending pak file info (ChunkID:-1 Root:root:/ File:D:/UE_4.27/FeaturePacks/TP_FlyingBP.upack)
[2021.11.09-02.31.46:698][  0]LogPakFile: OnPakFileMounted2Time == 0.000025
[2021.11.09-02.31.46:699][  0]LogPakFile: PakFile PrimaryIndexSize=188
[2021.11.09-02.31.46:699][  0]LogPakFile: PakFile PathHashIndexSize=101
[2021.11.09-02.31.46:699][  0]LogPakFile: PakFile FullDirectoryIndexSize=150
[2021.11.09-02.31.46:699][  0]LogShaderLibrary: Display: ShaderCodeLibraryPakFileMountedCallback: PakFile 'D:/UE_4.27/FeaturePacks/TP_HandheldARBP.upack' (chunk index -1, root 'root:/') mounted
[2021.11.09-02.31.46:699][  0]LogShaderLibrary: Display: ShaderCodeLibraryPakFileMountedCallback: pending pak file info (ChunkID:-1 Root:root:/ File:D:/UE_4.27/FeaturePacks/TP_HandheldARBP.upack)
[2021.11.09-02.31.46:699][  0]LogPakFile: OnPakFileMounted2Time == 0.000025
[2021.11.09-02.31.46:700][  0]LogPakFile: PakFile PrimaryIndexSize=182
[2021.11.09-02.31.46:700][  0]LogPakFile: PakFile PathHashIndexSize=101
[2021.11.09-02.31.46:700][  0]LogPakFile: PakFile FullDirectoryIndexSize=138
[2021.11.09-02.31.46:700][  0]LogShaderLibrary: Display: ShaderCodeLibraryPakFileMountedCallback: PakFile 'D:/UE_4.27/FeaturePacks/TP_Puzzle.upack' (chunk index -1, root 'root:/') mounted
[2021.11.09-02.31.46:700][  0]LogShaderLibrary: Display: ShaderCodeLibraryPakFileMountedCallback: pending pak file info (ChunkID:-1 Root:root:/ File:D:/UE_4.27/FeaturePacks/TP_Puzzle.upack)
[2021.11.09-02.31.46:700][  0]LogPakFile: OnPakFileMounted2Time == 0.000025
[2021.11.09-02.31.46:700][  0]LogPakFile: PakFile PrimaryIndexSize=184
[2021.11.09-02.31.46:700][  0]LogPakFile: PakFile PathHashIndexSize=101
[2021.11.09-02.31.46:700][  0]LogPakFile: PakFile FullDirectoryIndexSize=142
[2021.11.09-02.31.46:700][  0]LogShaderLibrary: Display: ShaderCodeLibraryPakFileMountedCallback: PakFile 'D:/UE_4.27/FeaturePacks/TP_PuzzleBP.upack' (chunk index -1, root 'root:/') mounted
[2021.11.09-02.31.46:700][  0]LogShaderLibrary: Display: ShaderCodeLibraryPakFileMountedCallback: pending pak file info (ChunkID:-1 Root:root:/ File:D:/UE_4.27/FeaturePacks/TP_PuzzleBP.upack)
[2021.11.09-02.31.46:700][  0]LogPakFile: OnPakFileMounted2Time == 0.000026
[2021.11.09-02.31.46:701][  0]LogPakFile: PakFile PrimaryIndexSize=183
[2021.11.09-02.31.46:701][  0]LogPakFile: PakFile PathHashIndexSize=101
[2021.11.09-02.31.46:701][  0]LogPakFile: PakFile FullDirectoryIndexSize=140
[2021.11.09-02.31.46:701][  0]LogShaderLibrary: Display: ShaderCodeLibraryPakFileMountedCallback: PakFile 'D:/UE_4.27/FeaturePacks/TP_Rolling.upack' (chunk index -1, root 'root:/') mounted
[2021.11.09-02.31.46:701][  0]LogShaderLibrary: Display: ShaderCodeLibraryPakFileMountedCallback: pending pak file info (ChunkID:-1 Root:root:/ File:D:/UE_4.27/FeaturePacks/TP_Rolling.upack)
[2021.11.09-02.31.46:701][  0]LogPakFile: OnPakFileMounted2Time == 0.000025
[2021.11.09-02.31.46:702][  0]LogPakFile: PakFile PrimaryIndexSize=185
[2021.11.09-02.31.46:702][  0]LogPakFile: PakFile PathHashIndexSize=101
[2021.11.09-02.31.46:702][  0]LogPakFile: PakFile FullDirectoryIndexSize=144
[2021.11.09-02.31.46:702][  0]LogShaderLibrary: Display: ShaderCodeLibraryPakFileMountedCallback: PakFile 'D:/UE_4.27/FeaturePacks/TP_RollingBP.upack' (chunk index -1, root 'root:/') mounted
[2021.11.09-02.31.46:702][  0]LogShaderLibrary: Display: ShaderCodeLibraryPakFileMountedCallback: pending pak file info (ChunkID:-1 Root:root:/ File:D:/UE_4.27/FeaturePacks/TP_RollingBP.upack)
[2021.11.09-02.31.46:702][  0]LogPakFile: OnPakFileMounted2Time == 0.000025
[2021.11.09-02.31.46:702][  0]LogPakFile: PakFile PrimaryIndexSize=188
[2021.11.09-02.31.46:702][  0]LogPakFile: PakFile PathHashIndexSize=101
[2021.11.09-02.31.46:702][  0]LogPakFile: PakFile FullDirectoryIndexSize=150
[2021.11.09-02.31.46:702][  0]LogShaderLibrary: Display: ShaderCodeLibraryPakFileMountedCallback: PakFile 'D:/UE_4.27/FeaturePacks/TP_SideScroller.upack' (chunk index -1, root 'root:/') mounted
[2021.11.09-02.31.46:702][  0]LogShaderLibrary: Display: ShaderCodeLibraryPakFileMountedCallback: pending pak file info (ChunkID:-1 Root:root:/ File:D:/UE_4.27/FeaturePacks/TP_SideScroller.upack)
[2021.11.09-02.31.46:702][  0]LogPakFile: OnPakFileMounted2Time == 0.000029
[2021.11.09-02.31.46:703][  0]LogPakFile: PakFile PrimaryIndexSize=190
[2021.11.09-02.31.46:703][  0]LogPakFile: PakFile PathHashIndexSize=101
[2021.11.09-02.31.46:703][  0]LogPakFile: PakFile FullDirectoryIndexSize=154
[2021.11.09-02.31.46:703][  0]LogShaderLibrary: Display: ShaderCodeLibraryPakFileMountedCallback: PakFile 'D:/UE_4.27/FeaturePacks/TP_SideScrollerBP.upack' (chunk index -1, root 'root:/') mounted
[2021.11.09-02.31.46:703][  0]LogShaderLibrary: Display: ShaderCodeLibraryPakFileMountedCallback: pending pak file info (ChunkID:-1 Root:root:/ File:D:/UE_4.27/FeaturePacks/TP_SideScrollerBP.upack)
[2021.11.09-02.31.46:703][  0]LogPakFile: OnPakFileMounted2Time == 0.000026
[2021.11.09-02.31.46:703][  0]LogPakFile: PakFile PrimaryIndexSize=187
[2021.11.09-02.31.46:704][  0]LogPakFile: PakFile PathHashIndexSize=101
[2021.11.09-02.31.46:704][  0]LogPakFile: PakFile FullDirectoryIndexSize=148
[2021.11.09-02.31.46:704][  0]LogShaderLibrary: Display: ShaderCodeLibraryPakFileMountedCallback: PakFile 'D:/UE_4.27/FeaturePacks/TP_ThirdPerson.upack' (chunk index -1, root 'root:/') mounted
[2021.11.09-02.31.46:704][  0]LogShaderLibrary: Display: ShaderCodeLibraryPakFileMountedCallback: pending pak file info (ChunkID:-1 Root:root:/ File:D:/UE_4.27/FeaturePacks/TP_ThirdPerson.upack)
[2021.11.09-02.31.46:704][  0]LogPakFile: OnPakFileMounted2Time == 0.000025
[2021.11.09-02.31.46:704][  0]LogPakFile: PakFile PrimaryIndexSize=189
[2021.11.09-02.31.46:704][  0]LogPakFile: PakFile PathHashIndexSize=101
[2021.11.09-02.31.46:704][  0]LogPakFile: PakFile FullDirectoryIndexSize=152
[2021.11.09-02.31.46:704][  0]LogShaderLibrary: Display: ShaderCodeLibraryPakFileMountedCallback: PakFile 'D:/UE_4.27/FeaturePacks/TP_ThirdPersonBP.upack' (chunk index -1, root 'root:/') mounted
[2021.11.09-02.31.46:704][  0]LogShaderLibrary: Display: ShaderCodeLibraryPakFileMountedCallback: pending pak file info (ChunkID:-1 Root:root:/ File:D:/UE_4.27/FeaturePacks/TP_ThirdPersonBP.upack)
[2021.11.09-02.31.46:704][  0]LogPakFile: OnPakFileMounted2Time == 0.000025
[2021.11.09-02.31.46:705][  0]LogPakFile: PakFile PrimaryIndexSize=183
[2021.11.09-02.31.46:705][  0]LogPakFile: PakFile PathHashIndexSize=101
[2021.11.09-02.31.46:705][  0]LogPakFile: PakFile FullDirectoryIndexSize=140
[2021.11.09-02.31.46:705][  0]LogShaderLibrary: Display: ShaderCodeLibraryPakFileMountedCallback: PakFile 'D:/UE_4.27/FeaturePacks/TP_TopDown.upack' (chunk index -1, root 'root:/') mounted
[2021.11.09-02.31.46:705][  0]LogShaderLibrary: Display: ShaderCodeLibraryPakFileMountedCallback: pending pak file info (ChunkID:-1 Root:root:/ File:D:/UE_4.27/FeaturePacks/TP_TopDown.upack)
[2021.11.09-02.31.46:705][  0]LogPakFile: OnPakFileMounted2Time == 0.000029
[2021.11.09-02.31.46:705][  0]LogPakFile: PakFile PrimaryIndexSize=185
[2021.11.09-02.31.46:705][  0]LogPakFile: PakFile PathHashIndexSize=101
[2021.11.09-02.31.46:705][  0]LogPakFile: PakFile FullDirectoryIndexSize=144
[2021.11.09-02.31.46:705][  0]LogShaderLibrary: Display: ShaderCodeLibraryPakFileMountedCallback: PakFile 'D:/UE_4.27/FeaturePacks/TP_TopDownBP.upack' (chunk index -1, root 'root:/') mounted
[2021.11.09-02.31.46:705][  0]LogShaderLibrary: Display: ShaderCodeLibraryPakFileMountedCallback: pending pak file info (ChunkID:-1 Root:root:/ File:D:/UE_4.27/FeaturePacks/TP_TopDownBP.upack)
[2021.11.09-02.31.46:705][  0]LogPakFile: OnPakFileMounted2Time == 0.000025
[2021.11.09-02.31.46:706][  0]LogPakFile: PakFile PrimaryIndexSize=185
[2021.11.09-02.31.46:706][  0]LogPakFile: PakFile PathHashIndexSize=101
[2021.11.09-02.31.46:706][  0]LogPakFile: PakFile FullDirectoryIndexSize=144
[2021.11.09-02.31.46:706][  0]LogShaderLibrary: Display: ShaderCodeLibraryPakFileMountedCallback: PakFile 'D:/UE_4.27/FeaturePacks/TP_TwinStick.upack' (chunk index -1, root 'root:/') mounted
[2021.11.09-02.31.46:706][  0]LogShaderLibrary: Display: ShaderCodeLibraryPakFileMountedCallback: pending pak file info (ChunkID:-1 Root:root:/ File:D:/UE_4.27/FeaturePacks/TP_TwinStick.upack)
[2021.11.09-02.31.46:706][  0]LogPakFile: OnPakFileMounted2Time == 0.000025
[2021.11.09-02.31.46:707][  0]LogPakFile: PakFile PrimaryIndexSize=187
[2021.11.09-02.31.46:707][  0]LogPakFile: PakFile PathHashIndexSize=101
[2021.11.09-02.31.46:707][  0]LogPakFile: PakFile FullDirectoryIndexSize=148
[2021.11.09-02.31.46:707][  0]LogShaderLibrary: Display: ShaderCodeLibraryPakFileMountedCallback: PakFile 'D:/UE_4.27/FeaturePacks/TP_TwinStickBP.upack' (chunk index -1, root 'root:/') mounted
[2021.11.09-02.31.46:707][  0]LogShaderLibrary: Display: ShaderCodeLibraryPakFileMountedCallback: pending pak file info (ChunkID:-1 Root:root:/ File:D:/UE_4.27/FeaturePacks/TP_TwinStickBP.upack)
[2021.11.09-02.31.46:707][  0]LogPakFile: OnPakFileMounted2Time == 0.000025
[2021.11.09-02.31.46:707][  0]LogPakFile: PakFile PrimaryIndexSize=183
[2021.11.09-02.31.46:707][  0]LogPakFile: PakFile PathHashIndexSize=101
[2021.11.09-02.31.46:707][  0]LogPakFile: PakFile FullDirectoryIndexSize=140
[2021.11.09-02.31.46:707][  0]LogShaderLibrary: Display: ShaderCodeLibraryPakFileMountedCallback: PakFile 'D:/UE_4.27/FeaturePacks/TP_Vehicle.upack' (chunk index -1, root 'root:/') mounted
[2021.11.09-02.31.46:707][  0]LogShaderLibrary: Display: ShaderCodeLibraryPakFileMountedCallback: pending pak file info (ChunkID:-1 Root:root:/ File:D:/UE_4.27/FeaturePacks/TP_Vehicle.upack)
[2021.11.09-02.31.46:707][  0]LogPakFile: OnPakFileMounted2Time == 0.000025
[2021.11.09-02.31.46:708][  0]LogPakFile: PakFile PrimaryIndexSize=186
[2021.11.09-02.31.46:708][  0]LogPakFile: PakFile PathHashIndexSize=101
[2021.11.09-02.31.46:708][  0]LogPakFile: PakFile FullDirectoryIndexSize=146
[2021.11.09-02.31.46:708][  0]LogShaderLibrary: Display: ShaderCodeLibraryPakFileMountedCallback: PakFile 'D:/UE_4.27/FeaturePacks/TP_VehicleAdv.upack' (chunk index -1, root 'root:/') mounted
[2021.11.09-02.31.46:708][  0]LogShaderLibrary: Display: ShaderCodeLibraryPakFileMountedCallback: pending pak file info (ChunkID:-1 Root:root:/ File:D:/UE_4.27/FeaturePacks/TP_VehicleAdv.upack)
[2021.11.09-02.31.46:708][  0]LogPakFile: OnPakFileMounted2Time == 0.000026
[2021.11.09-02.31.46:708][  0]LogPakFile: PakFile PrimaryIndexSize=188
[2021.11.09-02.31.46:708][  0]LogPakFile: PakFile PathHashIndexSize=101
[2021.11.09-02.31.46:708][  0]LogPakFile: PakFile FullDirectoryIndexSize=150
[2021.11.09-02.31.46:709][  0]LogShaderLibrary: Display: ShaderCodeLibraryPakFileMountedCallback: PakFile 'D:/UE_4.27/FeaturePacks/TP_VehicleAdvBP.upack' (chunk index -1, root 'root:/') mounted
[2021.11.09-02.31.46:709][  0]LogShaderLibrary: Display: ShaderCodeLibraryPakFileMountedCallback: pending pak file info (ChunkID:-1 Root:root:/ File:D:/UE_4.27/FeaturePacks/TP_VehicleAdvBP.upack)
[2021.11.09-02.31.46:709][  0]LogPakFile: OnPakFileMounted2Time == 0.000025
[2021.11.09-02.31.46:709][  0]LogPakFile: PakFile PrimaryIndexSize=185
[2021.11.09-02.31.46:709][  0]LogPakFile: PakFile PathHashIndexSize=101
[2021.11.09-02.31.46:709][  0]LogPakFile: PakFile FullDirectoryIndexSize=144
[2021.11.09-02.31.46:709][  0]LogShaderLibrary: Display: ShaderCodeLibraryPakFileMountedCallback: PakFile 'D:/UE_4.27/FeaturePacks/TP_VehicleBP.upack' (chunk index -1, root 'root:/') mounted
[2021.11.09-02.31.46:709][  0]LogShaderLibrary: Display: ShaderCodeLibraryPakFileMountedCallback: pending pak file info (ChunkID:-1 Root:root:/ File:D:/UE_4.27/FeaturePacks/TP_VehicleBP.upack)
[2021.11.09-02.31.46:709][  0]LogPakFile: OnPakFileMounted2Time == 0.000027
[2021.11.09-02.31.46:710][  0]LogPakFile: PakFile PrimaryIndexSize=192
[2021.11.09-02.31.46:710][  0]LogPakFile: PakFile PathHashIndexSize=101
[2021.11.09-02.31.46:710][  0]LogPakFile: PakFile FullDirectoryIndexSize=158
[2021.11.09-02.31.46:710][  0]LogShaderLibrary: Display: ShaderCodeLibraryPakFileMountedCallback: PakFile 'D:/UE_4.27/FeaturePacks/TP_VirtualRealityBP.upack' (chunk index -1, root 'root:/') mounted
[2021.11.09-02.31.46:710][  0]LogShaderLibrary: Display: ShaderCodeLibraryPakFileMountedCallback: pending pak file info (ChunkID:-1 Root:root:/ File:D:/UE_4.27/FeaturePacks/TP_VirtualRealityBP.upack)
[2021.11.09-02.31.46:710][  0]LogPakFile: OnPakFileMounted2Time == 0.000025
[2021.11.09-02.31.46:772][  0]LogNativeClassHierarchy: Verbose: Native class hierarchy updated for 'AddContentDialog' in 0.0002 seconds. Added 0 classes and 0 folders.
[2021.11.09-02.31.46:773][  0]LogNativeClassHierarchy: Verbose: Native class hierarchy updated for 'SceneOutliner' in 0.0002 seconds. Added 2 classes and 0 folders.
[2021.11.09-02.31.46:811][  0]LogSlate: Took 0.000250 seconds to synchronously load lazily loaded font '../../../Engine/Content/Slate/Fonts/Roboto-Regular.ttf' (155K)
[2021.11.09-02.31.46:821][  0]LogSlate: Took 0.001470 seconds to synchronously load lazily loaded font '../../../Engine/Content/Editor/Slate/Fonts/NanumGothic.ttf' (4243K)
[2021.11.09-02.31.47:442][  0]LogSlate: Only BGRA pngs, bmps or icos are supported in by External Image Picker
[2021.11.09-02.31.47:552][  0]LogSlate: Took 0.000284 seconds to synchronously load lazily loaded font '../../../Engine/Content/Editor/Slate/Fonts/FontAwesome.ttf' (139K)
[2021.11.09-02.31.47:554][  0]LogSlate: Took 0.001297 seconds to synchronously load lazily loaded font '../../../Engine/Content/Editor/Slate/Fonts/NanumGothicBold.ttf' (4188K)
[2021.11.09-02.31.47:554][  0]LogSlate: Took 0.000172 seconds to synchronously load lazily loaded font '../../../Engine/Content/Slate/Fonts/Roboto-Bold.ttf' (160K)
[2021.11.09-02.31.47:626][  0]LogRenderer: Reallocating scene render targets to support 1208x572 Format 10 NumSamples 1 (Frame:1).
[2021.11.09-02.31.47:650][  0]LogSlate: Took 0.000207 seconds to synchronously load lazily loaded font '../../../Engine/Content/Slate/Fonts/Roboto-Light.ttf' (167K)
[2021.11.09-02.31.47:696][  0]LogNativeClassHierarchy: Verbose: Native class hierarchy updated for 'HierarchicalLODOutliner' in 0.0002 seconds. Added 0 classes and 0 folders.
[2021.11.09-02.31.47:696][  0]LogLoad: (Engine Initialization) Total time: 8.29 seconds
[2021.11.09-02.31.47:696][  0]LogLoad: (Engine Initialization) Total Blueprint compile time: 0.00 seconds
[2021.11.09-02.31.47:846][  0]LogAssetRegistry: Asset discovery search completed in 5.0480 seconds
[2021.11.09-02.31.47:851][  0]LogCollectionManager: Fixed up redirectors for 0 collections in 0.000002 seconds (updated 0 objects)
[2021.11.09-02.31.47:851][  0]LogContentStreaming: Texture pool size now 1000 MB
[2021.11.09-02.31.50:821][336]LogSlate: Window '프로젝트 세팅' being destroyed
[2021.11.09-02.31.50:823][336]LogSlate: Window '프로젝트 세팅' being destroyed
[2021.11.09-02.34.53:424][658]LogSlate: Took 0.005113 seconds to synchronously load lazily loaded font '../../../Engine/Content/Slate/Fonts/Roboto-Light.ttf' (167K)
[2021.11.09-02.34.53:471][658]Running D:/UE_4.27/Engine/Binaries/DotNET/UnrealBuildTool.exe  -projectfiles -project="D:/workspace/Unreal/ToonTanksProjectSetup_4.25/ToonTanks/ToonTanks.uproject" -game -rocket -progress
[2021.11.09-02.34.53:905][658]Discovering modules, targets and source code for project...
[2021.11.09-02.34.56:721][658]Binding IntelliSense data...
[2021.11.09-02.35.03:971][658]Binding IntelliSense data... 100%
[2021.11.09-02.35.03:971][658]Writing project files...
[2021.11.09-02.35.05:280][658]Writing project files... 100%
